<?xml version="1.0" encoding="UTF-8"?>
<testsuite xmlns:xsi="http://www.w3.org/2001/XMLSchema-instance" xsi:noNamespaceSchemaLocation="https://maven.apache.org/surefire/maven-surefire-plugin/xsd/surefire-test-report.xsd" version="3.0.2" name="com.in28minutes.rest.webservices.restfulwebservices.RestfulWebServicesApplicationTests" time="2.656" tests="1" errors="0" skipped="0" failures="0">
  <properties>
[...]
</properties>
  <testcase name="contextLoads" classname="com.in28minutes.rest.webservices.restfulwebservices.RestfulWebServicesApplicationTests" time="0.674">
    <system-out><![CDATA[15:17:44.023 [main] INFO org.springframework.test.context.support.AnnotationConfigContextLoaderUtils -- Could not detect default configuration classes for test class [com.in28minutes.rest.webservices.restfulwebservices.RestfulWebServicesApplicationTests]: RestfulWebServicesApplicationTests does not declare any static, non-private, non-final, nested classes annotated with @Configuration.
15:17:44.198 [main] INFO org.springframework.boot.test.context.SpringBootTestContextBootstrapper -- Found @SpringBootConfiguration com.in28minutes.rest.webservices.restfulwebservices.RestfulWebServicesApplication for test class com.in28minutes.rest.webservices.restfulwebservices.RestfulWebServicesApplicationTests

  .   ____          _            __ _ _
 /\\ / ___'_ __ _ _(_)_ __  __ _ \ \ \ \
( ( )\___ | '_ | '_| | '_ \/ _` | \ \ \ \
 \\/  ___)| |_)| | | | | || (_| |  ) ) ) )
  '  |____| .__|_| |_|_| |_\__, | / / / /
 =========|_|==============|___/=/_/_/_/

&amp#27;[32m :: Spring Boot :: &amp#27;[39m              &amp#27;[2m (v4.0.0)&amp#27;[0;39m

2025-12-17 15:17:44  INFO &amp#27;[36mc.i.r.w.r.RestfulWebServicesApplicationTests&amp#27;[0;39m - &amp#27;[34mStarting RestfulWebServicesApplicationTests using Java 25.0.1 with PID 82260 (started by Ali.Raza in F:\MyStuff\SpringBootCourse\Section 6 Dokcer with Microservices using Spring Boot and Spring Cloud\New folder)
&amp#27;[0;39m2025-12-17 15:17:44  INFO &amp#27;[36mc.i.r.w.r.RestfulWebServicesApplicationTests&amp#27;[0;39m - &amp#27;[34mNo active profile set, falling back to 1 default profile: "default"
&amp#27;[0;39m2025-12-17 15:17:44 DEBUG &amp#27;[36mo.s.boot.SpringApplication&amp#27;[0;39m - &amp#27;[39mLoading source class com.in28minutes.rest.webservices.restfulwebservices.RestfulWebServicesApplication
&amp#27;[0;39m2025-12-17 15:17:44 DEBUG &amp#27;[36mo.s.w.c.s.GenericWebApplicationContext&amp#27;[0;39m - &amp#27;[39mRefreshing org.springframework.web.context.support.GenericWebApplicationContext@4e904fd5
&amp#27;[0;39m2025-12-17 15:17:44 DEBUG &amp#27;[36mo.s.b.f.s.DefaultListableBeanFactory&amp#27;[0;39m - &amp#27;[39mCreating shared instance of singleton bean 'org.springframework.context.annotation.internalConfigurationAnnotationProcessor'
&amp#27;[0;39m2025-12-17 15:17:44 DEBUG &amp#27;[36mo.s.b.f.s.DefaultListableBeanFactory&amp#27;[0;39m - &amp#27;[39mCreating shared instance of singleton bean 'org.springframework.boot.autoconfigure.internalCachingMetadataReaderFactory'
&amp#27;[0;39m2025-12-17 15:17:44 DEBUG &amp#27;[36mo.s.c.a.ClassPathBeanDefinitionScanner&amp#27;[0;39m - &amp#27;[39mIdentified candidate component class: file [F:\MyStuff\SpringBootCourse\Section 6 Dokcer with Microservices using Spring Boot and Spring Cloud\New folder\target\classes\com\in28minutes\rest\webservices\restfulwebservices\HelloWorldController.class]
&amp#27;[0;39m2025-12-17 15:17:45 DEBUG &amp#27;[36mo.s.b.f.s.DefaultListableBeanFactory&amp#27;[0;39m - &amp#27;[39mCreating shared instance of singleton bean 'propertySourcesPlaceholderConfigurer'
&amp#27;[0;39m2025-12-17 15:17:45 DEBUG &amp#27;[36mo.s.b.f.s.DefaultListableBeanFactory&amp#27;[0;39m - &amp#27;[39mCreating shared instance of singleton bean 'org.springframework.context.event.internalEventListenerProcessor'
&amp#27;[0;39m2025-12-17 15:17:45 DEBUG &amp#27;[36mo.s.b.f.s.DefaultListableBeanFactory&amp#27;[0;39m - &amp#27;[39mCreating shared instance of singleton bean 'bootstrapExecutorAliasPostProcessor'
&amp#27;[0;39m2025-12-17 15:17:45 DEBUG &amp#27;[36mo.s.b.f.s.DefaultListableBeanFactory&amp#27;[0;39m - &amp#27;[39mCreating shared instance of singleton bean 'preserveErrorControllerTargetClassPostProcessor'
&amp#27;[0;39m2025-12-17 15:17:45 DEBUG &amp#27;[36mo.s.b.f.s.DefaultListableBeanFactory&amp#27;[0;39m - &amp#27;[39mCreating shared instance of singleton bean 'forceAutoProxyCreatorToUseClassProxying'
&amp#27;[0;39m2025-12-17 15:17:45 DEBUG &amp#27;[36mo.s.b.f.s.DefaultListableBeanFactory&amp#27;[0;39m - &amp#27;[39mCreating shared instance of singleton bean 'org.springframework.context.event.internalEventListenerFactory'
&amp#27;[0;39m2025-12-17 15:17:45 DEBUG &amp#27;[36mo.s.b.f.s.DefaultListableBeanFactory&amp#27;[0;39m - &amp#27;[39mCreating shared instance of singleton bean 'org.springframework.context.annotation.internalAutowiredAnnotationProcessor'
&amp#27;[0;39m2025-12-17 15:17:45 DEBUG &amp#27;[36mo.s.b.f.s.DefaultListableBeanFactory&amp#27;[0;39m - &amp#27;[39mCreating shared instance of singleton bean 'org.springframework.context.annotation.internalCommonAnnotationProcessor'
&amp#27;[0;39m2025-12-17 15:17:45 DEBUG &amp#27;[36mo.s.b.f.s.DefaultListableBeanFactory&amp#27;[0;39m - &amp#27;[39mCreating shared instance of singleton bean 'org.springframework.boot.context.properties.ConfigurationPropertiesBindingPostProcessor'
&amp#27;[0;39m2025-12-17 15:17:45 DEBUG &amp#27;[36mo.s.b.f.s.DefaultListableBeanFactory&amp#27;[0;39m - &amp#27;[39mCreating shared instance of singleton bean 'org.springframework.boot.context.internalConfigurationPropertiesBinder'
&amp#27;[0;39m2025-12-17 15:17:45 DEBUG &amp#27;[36mo.s.b.f.s.DefaultListableBeanFactory&amp#27;[0;39m - &amp#27;[39mCreating shared instance of singleton bean 'org.springframework.aop.config.internalAutoProxyCreator'
&amp#27;[0;39m2025-12-17 15:17:45 DEBUG &amp#27;[36mo.s.b.f.s.DefaultListableBeanFactory&amp#27;[0;39m - &amp#27;[39mCreating shared instance of singleton bean 'org.springframework.aop.framework.autoproxy.defaultProxyConfig'
&amp#27;[0;39m2025-12-17 15:17:45 DEBUG &amp#27;[36mo.s.b.f.s.DefaultListableBeanFactory&amp#27;[0;39m - &amp#27;[39mCreating shared instance of singleton bean 'webServerFactoryCustomizerBeanPostProcessor'
&amp#27;[0;39m2025-12-17 15:17:45 DEBUG &amp#27;[36mo.s.b.f.s.DefaultListableBeanFactory&amp#27;[0;39m - &amp#27;[39mCreating shared instance of singleton bean 'errorPageRegistrarBeanPostProcessor'
&amp#27;[0;39m2025-12-17 15:17:45 DEBUG &amp#27;[36mo.s.b.f.s.DefaultListableBeanFactory&amp#27;[0;39m - &amp#27;[39mCreating shared instance of singleton bean 'applicationTaskExecutor'
&amp#27;[0;39m2025-12-17 15:17:45 DEBUG &amp#27;[36mo.s.b.f.s.DefaultListableBeanFactory&amp#27;[0;39m - &amp#27;[39mCreating shared instance of singleton bean 'org.springframework.boot.autoconfigure.task.TaskExecutorConfigurations$TaskExecutorConfiguration'
&amp#27;[0;39m2025-12-17 15:17:45 DEBUG &amp#27;[36mo.s.b.f.s.DefaultListableBeanFactory&amp#27;[0;39m - &amp#27;[39mCreating shared instance of singleton bean 'threadPoolTaskExecutorBuilder'
&amp#27;[0;39m2025-12-17 15:17:45 DEBUG &amp#27;[36mo.s.b.f.s.DefaultListableBeanFactory&amp#27;[0;39m - &amp#27;[39mCreating shared instance of singleton bean 'org.springframework.boot.autoconfigure.task.TaskExecutorConfigurations$ThreadPoolTaskExecutorBuilderConfiguration'
&amp#27;[0;39m2025-12-17 15:17:45 DEBUG &amp#27;[36mo.s.b.f.s.DefaultListableBeanFactory&amp#27;[0;39m - &amp#27;[39mCreating shared instance of singleton bean 'spring.task.execution-org.springframework.boot.autoconfigure.task.TaskExecutionProperties'
&amp#27;[0;39m2025-12-17 15:17:45 DEBUG &amp#27;[36mo.s.b.f.s.DefaultListableBeanFactory&amp#27;[0;39m - &amp#27;[39mCreating shared instance of singleton bean 'org.springframework.boot.context.properties.BoundConfigurationProperties'
&amp#27;[0;39m2025-12-17 15:17:45 DEBUG &amp#27;[36mo.s.b.f.s.DefaultListableBeanFactory&amp#27;[0;39m - &amp#27;[39mAutowiring by type from bean name 'threadPoolTaskExecutorBuilder' via factory method to bean named 'spring.task.execution-org.springframework.boot.autoconfigure.task.TaskExecutionProperties'
&amp#27;[0;39m2025-12-17 15:17:45 DEBUG &amp#27;[36mo.s.b.f.s.DefaultListableBeanFactory&amp#27;[0;39m - &amp#27;[39mAutowiring by type from bean name 'applicationTaskExecutor' via factory method to bean named 'threadPoolTaskExecutorBuilder'
&amp#27;[0;39m2025-12-17 15:17:45 DEBUG &amp#27;[36mo.s.s.c.ThreadPoolTaskExecutor&amp#27;[0;39m - &amp#27;[39mInitializing ExecutorService 'applicationTaskExecutor'
&amp#27;[0;39m2025-12-17 15:17:45 DEBUG &amp#27;[36mo.s.b.f.s.DefaultListableBeanFactory&amp#27;[0;39m - &amp#27;[39mCreating shared instance of singleton bean 'org.springframework.test.context.support.internalDynamicPropertyRegistrarBeanInitializer'
&amp#27;[0;39m2025-12-17 15:17:45 DEBUG &amp#27;[36mo.s.b.f.s.DefaultListableBeanFactory&amp#27;[0;39m - &amp#27;[39mCreating shared instance of singleton bean 'restfulWebServicesApplication'
&amp#27;[0;39m2025-12-17 15:17:45 DEBUG &amp#27;[36mo.s.b.f.s.DefaultListableBeanFactory&amp#27;[0;39m - &amp#27;[39mCreating shared instance of singleton bean 'helloWorldController'
&amp#27;[0;39m2025-12-17 15:17:45 DEBUG &amp#27;[36mo.s.b.f.s.DefaultListableBeanFactory&amp#27;[0;39m - &amp#27;[39mCreating shared instance of singleton bean 'org.springframework.boot.autoconfigure.AutoConfigurationPackages'
&amp#27;[0;39m2025-12-17 15:17:45 DEBUG &amp#27;[36mo.s.b.f.s.DefaultListableBeanFactory&amp#27;[0;39m - &amp#27;[39mCreating shared instance of singleton bean 'org.springframework.boot.autoconfigure.context.PropertyPlaceholderAutoConfiguration'
&amp#27;[0;39m2025-12-17 15:17:45 DEBUG &amp#27;[36mo.s.b.f.s.DefaultListableBeanFactory&amp#27;[0;39m - &amp#27;[39mCreating shared instance of singleton bean 'org.springframework.boot.webmvc.autoconfigure.DispatcherServletAutoConfiguration$DispatcherServletConfiguration'
&amp#27;[0;39m2025-12-17 15:17:45 DEBUG &amp#27;[36mo.s.b.f.s.DefaultListableBeanFactory&amp#27;[0;39m - &amp#27;[39mCreating shared instance of singleton bean 'dispatcherServlet'
&amp#27;[0;39m2025-12-17 15:17:45 DEBUG &amp#27;[36mo.s.b.f.s.DefaultListableBeanFactory&amp#27;[0;39m - &amp#27;[39mCreating shared instance of singleton bean 'spring.mvc-org.springframework.boot.webmvc.autoconfigure.WebMvcProperties'
&amp#27;[0;39m2025-12-17 15:17:45 DEBUG &amp#27;[36mo.s.b.f.s.DefaultListableBeanFactory&amp#27;[0;39m - &amp#27;[39mAutowiring by type from bean name 'dispatcherServlet' via factory method to bean named 'spring.mvc-org.springframework.boot.webmvc.autoconfigure.WebMvcProperties'
&amp#27;[0;39m2025-12-17 15:17:45 DEBUG &amp#27;[36mo.s.b.f.s.DefaultListableBeanFactory&amp#27;[0;39m - &amp#27;[39mCreating shared instance of singleton bean 'org.springframework.boot.context.properties.EnableConfigurationPropertiesRegistrar.methodValidationExcludeFilter'
&amp#27;[0;39m2025-12-17 15:17:45 DEBUG &amp#27;[36mo.s.b.f.s.DefaultListableBeanFactory&amp#27;[0;39m - &amp#27;[39mCreating shared instance of singleton bean 'org.springframework.boot.webmvc.autoconfigure.DispatcherServletAutoConfiguration$DispatcherServletRegistrationConfiguration'
&amp#27;[0;39m2025-12-17 15:17:45 DEBUG &amp#27;[36mo.s.b.f.s.DefaultListableBeanFactory&amp#27;[0;39m - &amp#27;[39mCreating shared instance of singleton bean 'dispatcherServletRegistration'
&amp#27;[0;39m2025-12-17 15:17:45 DEBUG &amp#27;[36mo.s.b.f.s.DefaultListableBeanFactory&amp#27;[0;39m - &amp#27;[39mAutowiring by type from bean name 'dispatcherServletRegistration' via factory method to bean named 'dispatcherServlet'
&amp#27;[0;39m2025-12-17 15:17:45 DEBUG &amp#27;[36mo.s.b.f.s.DefaultListableBeanFactory&amp#27;[0;39m - &amp#27;[39mAutowiring by type from bean name 'dispatcherServletRegistration' via factory method to bean named 'spring.mvc-org.springframework.boot.webmvc.autoconfigure.WebMvcProperties'
&amp#27;[0;39m2025-12-17 15:17:45 DEBUG &amp#27;[36mo.s.b.f.s.DefaultListableBeanFactory&amp#27;[0;39m - &amp#27;[39mCreating shared instance of singleton bean 'multipartConfigElement'
&amp#27;[0;39m2025-12-17 15:17:45 DEBUG &amp#27;[36mo.s.b.f.s.DefaultListableBeanFactory&amp#27;[0;39m - &amp#27;[39mCreating shared instance of singleton bean 'org.springframework.boot.servlet.autoconfigure.MultipartAutoConfiguration'
&amp#27;[0;39m2025-12-17 15:17:45 DEBUG &amp#27;[36mo.s.b.f.s.DefaultListableBeanFactory&amp#27;[0;39m - &amp#27;[39mCreating shared instance of singleton bean 'spring.servlet.multipart-org.springframework.boot.servlet.autoconfigure.MultipartProperties'
&amp#27;[0;39m2025-12-17 15:17:45 DEBUG &amp#27;[36mo.s.b.f.s.DefaultListableBeanFactory&amp#27;[0;39m - &amp#27;[39mAutowiring by type from bean name 'org.springframework.boot.servlet.autoconfigure.MultipartAutoConfiguration' via constructor to bean named 'spring.servlet.multipart-org.springframework.boot.servlet.autoconfigure.MultipartProperties'
&amp#27;[0;39m2025-12-17 15:17:45 DEBUG &amp#27;[36mo.s.b.f.s.DefaultListableBeanFactory&amp#27;[0;39m - &amp#27;[39mCreating shared instance of singleton bean 'org.springframework.boot.webmvc.autoconfigure.DispatcherServletAutoConfiguration'
&amp#27;[0;39m2025-12-17 15:17:45 DEBUG &amp#27;[36mo.s.b.f.s.DefaultListableBeanFactory&amp#27;[0;39m - &amp#27;[39mCreating shared instance of singleton bean 'org.springframework.boot.autoconfigure.task.TaskExecutorConfigurations$SimpleAsyncTaskExecutorBuilderConfiguration'
&amp#27;[0;39m2025-12-17 15:17:45 DEBUG &amp#27;[36mo.s.b.f.s.DefaultListableBeanFactory&amp#27;[0;39m - &amp#27;[39mAutowiring by type from bean name 'org.springframework.boot.autoconfigure.task.TaskExecutorConfigurations$SimpleAsyncTaskExecutorBuilderConfiguration' via constructor to bean named 'spring.task.execution-org.springframework.boot.autoconfigure.task.TaskExecutionProperties'
&amp#27;[0;39m2025-12-17 15:17:45 DEBUG &amp#27;[36mo.s.b.f.s.DefaultListableBeanFactory&amp#27;[0;39m - &amp#27;[39mCreating shared instance of singleton bean 'simpleAsyncTaskExecutorBuilder'
&amp#27;[0;39m2025-12-17 15:17:45 DEBUG &amp#27;[36mo.s.b.f.s.DefaultListableBeanFactory&amp#27;[0;39m - &amp#27;[39mCreating shared instance of singleton bean 'org.springframework.boot.autoconfigure.task.TaskExecutorConfigurations$AsyncConfigurerConfiguration'
&amp#27;[0;39m2025-12-17 15:17:45 DEBUG &amp#27;[36mo.s.b.f.s.DefaultListableBeanFactory&amp#27;[0;39m - &amp#27;[39mCreating shared instance of singleton bean 'applicationTaskExecutorAsyncConfigurer'
&amp#27;[0;39m2025-12-17 15:17:45 DEBUG &amp#27;[36mo.s.b.f.s.DefaultListableBeanFactory&amp#27;[0;39m - &amp#27;[39mAutowiring by type from bean name 'applicationTaskExecutorAsyncConfigurer' via factory method to bean named 'org.springframework.beans.factory.support.DefaultListableBeanFactory@7dff6d05'
&amp#27;[0;39m2025-12-17 15:17:45 DEBUG &amp#27;[36mo.s.b.f.s.DefaultListableBeanFactory&amp#27;[0;39m - &amp#27;[39mCreating shared instance of singleton bean 'org.springframework.boot.autoconfigure.task.TaskExecutorConfigurations$BootstrapExecutorConfiguration'
&amp#27;[0;39m2025-12-17 15:17:45 DEBUG &amp#27;[36mo.s.b.f.s.DefaultListableBeanFactory&amp#27;[0;39m - &amp#27;[39mCreating shared instance of singleton bean 'org.springframework.boot.autoconfigure.task.TaskExecutionAutoConfiguration'
&amp#27;[0;39m2025-12-17 15:17:45 DEBUG &amp#27;[36mo.s.b.f.s.DefaultListableBeanFactory&amp#27;[0;39m - &amp#27;[39mCreating shared instance of singleton bean 'org.springframework.boot.webmvc.autoconfigure.error.ErrorMvcAutoConfiguration$WhitelabelErrorViewConfiguration'
&amp#27;[0;39m2025-12-17 15:17:45 DEBUG &amp#27;[36mo.s.b.f.s.DefaultListableBeanFactory&amp#27;[0;39m - &amp#27;[39mCreating shared instance of singleton bean 'error'
&amp#27;[0;39m2025-12-17 15:17:45 DEBUG &amp#27;[36mo.s.b.f.s.DefaultListableBeanFactory&amp#27;[0;39m - &amp#27;[39mCreating shared instance of singleton bean 'beanNameViewResolver'
&amp#27;[0;39m2025-12-17 15:17:45 DEBUG &amp#27;[36mo.s.b.f.s.DefaultListableBeanFactory&amp#27;[0;39m - &amp#27;[39mCreating shared instance of singleton bean 'org.springframework.boot.webmvc.autoconfigure.error.ErrorMvcAutoConfiguration$DefaultErrorViewResolverConfiguration'
&amp#27;[0;39m2025-12-17 15:17:45 DEBUG &amp#27;[36mo.s.b.f.s.DefaultListableBeanFactory&amp#27;[0;39m - &amp#27;[39mCreating shared instance of singleton bean 'spring.web-org.springframework.boot.autoconfigure.web.WebProperties'
&amp#27;[0;39m2025-12-17 15:17:45 DEBUG &amp#27;[36mo.s.b.f.s.DefaultListableBeanFactory&amp#27;[0;39m - &amp#27;[39mAutowiring by type from bean name 'org.springframework.boot.webmvc.autoconfigure.error.ErrorMvcAutoConfiguration$DefaultErrorViewResolverConfiguration' via constructor to bean named 'org.springframework.web.context.support.GenericWebApplicationContext@4e904fd5'
&amp#27;[0;39m2025-12-17 15:17:45 DEBUG &amp#27;[36mo.s.b.f.s.DefaultListableBeanFactory&amp#27;[0;39m - &amp#27;[39mAutowiring by type from bean name 'org.springframework.boot.webmvc.autoconfigure.error.ErrorMvcAutoConfiguration$DefaultErrorViewResolverConfiguration' via constructor to bean named 'spring.web-org.springframework.boot.autoconfigure.web.WebProperties'
&amp#27;[0;39m2025-12-17 15:17:45 DEBUG &amp#27;[36mo.s.b.f.s.DefaultListableBeanFactory&amp#27;[0;39m - &amp#27;[39mCreating shared instance of singleton bean 'conventionErrorViewResolver'
&amp#27;[0;39m2025-12-17 15:17:45 DEBUG &amp#27;[36mo.s.b.f.s.DefaultListableBeanFactory&amp#27;[0;39m - &amp#27;[39mCreating shared instance of singleton bean 'org.springframework.boot.webmvc.autoconfigure.error.ErrorMvcAutoConfiguration'
&amp#27;[0;39m2025-12-17 15:17:45 DEBUG &amp#27;[36mo.s.b.f.s.DefaultListableBeanFactory&amp#27;[0;39m - &amp#27;[39mAutowiring by type from bean name 'org.springframework.boot.webmvc.autoconfigure.error.ErrorMvcAutoConfiguration' via constructor to bean named 'spring.web-org.springframework.boot.autoconfigure.web.WebProperties'
&amp#27;[0;39m2025-12-17 15:17:45 DEBUG &amp#27;[36mo.s.b.f.s.DefaultListableBeanFactory&amp#27;[0;39m - &amp#27;[39mCreating shared instance of singleton bean 'errorAttributes'
&amp#27;[0;39m2025-12-17 15:17:45 DEBUG &amp#27;[36mo.s.b.f.s.DefaultListableBeanFactory&amp#27;[0;39m - &amp#27;[39mCreating shared instance of singleton bean 'basicErrorController'
&amp#27;[0;39m2025-12-17 15:17:45 DEBUG &amp#27;[36mo.s.b.f.s.DefaultListableBeanFactory&amp#27;[0;39m - &amp#27;[39mAutowiring by type from bean name 'basicErrorController' via factory method to bean named 'errorAttributes'
&amp#27;[0;39m2025-12-17 15:17:45 DEBUG &amp#27;[36mo.s.b.f.s.DefaultListableBeanFactory&amp#27;[0;39m - &amp#27;[39mCreating shared instance of singleton bean 'errorPageCustomizer'
&amp#27;[0;39m2025-12-17 15:17:45 DEBUG &amp#27;[36mo.s.b.f.s.DefaultListableBeanFactory&amp#27;[0;39m - &amp#27;[39mAutowiring by type from bean name 'errorPageCustomizer' via factory method to bean named 'dispatcherServletRegistration'
&amp#27;[0;39m2025-12-17 15:17:45 DEBUG &amp#27;[36mo.s.b.f.s.DefaultListableBeanFactory&amp#27;[0;39m - &amp#27;[39mCreating shared instance of singleton bean 'org.springframework.boot.webmvc.autoconfigure.WebMvcAutoConfiguration$EnableWebMvcConfiguration'
&amp#27;[0;39m2025-12-17 15:17:45 DEBUG &amp#27;[36mo.s.b.f.s.DefaultListableBeanFactory&amp#27;[0;39m - &amp#27;[39mAutowiring by type from bean name 'org.springframework.boot.webmvc.autoconfigure.WebMvcAutoConfiguration$EnableWebMvcConfiguration' via constructor to bean named 'spring.mvc-org.springframework.boot.webmvc.autoconfigure.WebMvcProperties'
&amp#27;[0;39m2025-12-17 15:17:45 DEBUG &amp#27;[36mo.s.b.f.s.DefaultListableBeanFactory&amp#27;[0;39m - &amp#27;[39mAutowiring by type from bean name 'org.springframework.boot.webmvc.autoconfigure.WebMvcAutoConfiguration$EnableWebMvcConfiguration' via constructor to bean named 'spring.web-org.springframework.boot.autoconfigure.web.WebProperties'
&amp#27;[0;39m2025-12-17 15:17:45 DEBUG &amp#27;[36mo.s.b.f.s.DefaultListableBeanFactory&amp#27;[0;39m - &amp#27;[39mAutowiring by type from bean name 'org.springframework.boot.webmvc.autoconfigure.WebMvcAutoConfiguration$EnableWebMvcConfiguration' via constructor to bean named 'org.springframework.beans.factory.support.DefaultListableBeanFactory@7dff6d05'
&amp#27;[0;39m2025-12-17 15:17:45 DEBUG &amp#27;[36mo.s.b.f.s.DefaultListableBeanFactory&amp#27;[0;39m - &amp#27;[39mCreating shared instance of singleton bean 'org.springframework.boot.webmvc.autoconfigure.WebMvcAutoConfiguration$WebMvcAutoConfigurationAdapter'
&amp#27;[0;39m2025-12-17 15:17:45 DEBUG &amp#27;[36mo.s.b.f.s.DefaultListableBeanFactory&amp#27;[0;39m - &amp#27;[39mAutowiring by type from bean name 'org.springframework.boot.webmvc.autoconfigure.WebMvcAutoConfiguration$WebMvcAutoConfigurationAdapter' via constructor to bean named 'spring.web-org.springframework.boot.autoconfigure.web.WebProperties'
&amp#27;[0;39m2025-12-17 15:17:45 DEBUG &amp#27;[36mo.s.b.f.s.DefaultListableBeanFactory&amp#27;[0;39m - &amp#27;[39mAutowiring by type from bean name 'org.springframework.boot.webmvc.autoconfigure.WebMvcAutoConfiguration$WebMvcAutoConfigurationAdapter' via constructor to bean named 'spring.mvc-org.springframework.boot.webmvc.autoconfigure.WebMvcProperties'
&amp#27;[0;39m2025-12-17 15:17:45 DEBUG &amp#27;[36mo.s.b.f.s.DefaultListableBeanFactory&amp#27;[0;39m - &amp#27;[39mAutowiring by type from bean name 'org.springframework.boot.webmvc.autoconfigure.WebMvcAutoConfiguration$WebMvcAutoConfigurationAdapter' via constructor to bean named 'org.springframework.beans.factory.support.DefaultListableBeanFactory@7dff6d05'
&amp#27;[0;39m2025-12-17 15:17:45 DEBUG &amp#27;[36mo.s.b.f.s.DefaultListableBeanFactory&amp#27;[0;39m - &amp#27;[39mCreating shared instance of singleton bean 'welcomePageHandlerMapping'
&amp#27;[0;39m2025-12-17 15:17:45 DEBUG &amp#27;[36mo.s.b.f.s.DefaultListableBeanFactory&amp#27;[0;39m - &amp#27;[39mCreating shared instance of singleton bean 'mvcConversionService'
&amp#27;[0;39m2025-12-17 15:17:45 DEBUG &amp#27;[36mo.s.b.f.s.DefaultListableBeanFactory&amp#27;[0;39m - &amp#27;[39mCreating shared instance of singleton bean 'mvcResourceUrlProvider'
&amp#27;[0;39m2025-12-17 15:17:45 DEBUG &amp#27;[36mo.s.b.f.s.DefaultListableBeanFactory&amp#27;[0;39m - &amp#27;[39mAutowiring by type from bean name 'welcomePageHandlerMapping' via factory method to bean named 'org.springframework.web.context.support.GenericWebApplicationContext@4e904fd5'
&amp#27;[0;39m2025-12-17 15:17:45 DEBUG &amp#27;[36mo.s.b.f.s.DefaultListableBeanFactory&amp#27;[0;39m - &amp#27;[39mAutowiring by type from bean name 'welcomePageHandlerMapping' via factory method to bean named 'mvcConversionService'
&amp#27;[0;39m2025-12-17 15:17:45 DEBUG &amp#27;[36mo.s.b.f.s.DefaultListableBeanFactory&amp#27;[0;39m - &amp#27;[39mAutowiring by type from bean name 'welcomePageHandlerMapping' via factory method to bean named 'mvcResourceUrlProvider'
&amp#27;[0;39m2025-12-17 15:17:45 DEBUG &amp#27;[36mo.s.b.f.s.DefaultListableBeanFactory&amp#27;[0;39m - &amp#27;[39mCreating shared instance of singleton bean 'welcomePageNotAcceptableHandlerMapping'
&amp#27;[0;39m2025-12-17 15:17:45 DEBUG &amp#27;[36mo.s.b.f.s.DefaultListableBeanFactory&amp#27;[0;39m - &amp#27;[39mAutowiring by type from bean name 'welcomePageNotAcceptableHandlerMapping' via factory method to bean named 'org.springframework.web.context.support.GenericWebApplicationContext@4e904fd5'
&amp#27;[0;39m2025-12-17 15:17:45 DEBUG &amp#27;[36mo.s.b.f.s.DefaultListableBeanFactory&amp#27;[0;39m - &amp#27;[39mAutowiring by type from bean name 'welcomePageNotAcceptableHandlerMapping' via factory method to bean named 'mvcConversionService'
&amp#27;[0;39m2025-12-17 15:17:45 DEBUG &amp#27;[36mo.s.b.f.s.DefaultListableBeanFactory&amp#27;[0;39m - &amp#27;[39mAutowiring by type from bean name 'welcomePageNotAcceptableHandlerMapping' via factory method to bean named 'mvcResourceUrlProvider'
&amp#27;[0;39m2025-12-17 15:17:45 DEBUG &amp#27;[36mo.s.b.f.s.DefaultListableBeanFactory&amp#27;[0;39m - &amp#27;[39mCreating shared instance of singleton bean 'localeResolver'
&amp#27;[0;39m2025-12-17 15:17:45 DEBUG &amp#27;[36mo.s.b.f.s.DefaultListableBeanFactory&amp#27;[0;39m - &amp#27;[39mCreating shared instance of singleton bean 'flashMapManager'
&amp#27;[0;39m2025-12-17 15:17:45 DEBUG &amp#27;[36mo.s.b.f.s.DefaultListableBeanFactory&amp#27;[0;39m - &amp#27;[39mCreating shared instance of singleton bean 'viewNameTranslator'
&amp#27;[0;39m2025-12-17 15:17:45 DEBUG &amp#27;[36mo.s.b.f.s.DefaultListableBeanFactory&amp#27;[0;39m - &amp#27;[39mCreating shared instance of singleton bean 'mvcValidator'
&amp#27;[0;39m2025-12-17 15:17:45 DEBUG &amp#27;[36mo.s.b.f.s.DefaultListableBeanFactory&amp#27;[0;39m - &amp#27;[39mCreating shared instance of singleton bean 'requestMappingHandlerMapping'
&amp#27;[0;39m2025-12-17 15:17:45 DEBUG &amp#27;[36mo.s.b.f.s.DefaultListableBeanFactory&amp#27;[0;39m - &amp#27;[39mCreating shared instance of singleton bean 'mvcContentNegotiationManager'
&amp#27;[0;39m2025-12-17 15:17:45 DEBUG &amp#27;[36mo.s.b.f.s.DefaultListableBeanFactory&amp#27;[0;39m - &amp#27;[39mCreating shared instance of singleton bean 'serverConvertersCustomizer'
&amp#27;[0;39m2025-12-17 15:17:45 DEBUG &amp#27;[36mo.s.b.f.s.DefaultListableBeanFactory&amp#27;[0;39m - &amp#27;[39mCreating shared instance of singleton bean 'org.springframework.boot.http.converter.autoconfigure.HttpMessageConvertersAutoConfiguration'
&amp#27;[0;39m2025-12-17 15:17:45 DEBUG &amp#27;[36mo.s.b.f.s.DefaultListableBeanFactory&amp#27;[0;39m - &amp#27;[39mCreating shared instance of singleton bean 'stringHttpMessageConverter'
&amp#27;[0;39m2025-12-17 15:17:45 DEBUG &amp#27;[36mo.s.b.f.s.DefaultListableBeanFactory&amp#27;[0;39m - &amp#27;[39mCreating shared instance of singleton bean 'org.springframework.boot.http.converter.autoconfigure.HttpMessageConvertersAutoConfiguration$StringHttpMessageConverterConfiguration'
&amp#27;[0;39m2025-12-17 15:17:45 DEBUG &amp#27;[36mo.s.b.f.s.DefaultListableBeanFactory&amp#27;[0;39m - &amp#27;[39mCreating shared instance of singleton bean 'spring.http.converters-org.springframework.boot.http.converter.autoconfigure.HttpMessageConvertersProperties'
&amp#27;[0;39m2025-12-17 15:17:45 DEBUG &amp#27;[36mo.s.b.f.s.DefaultListableBeanFactory&amp#27;[0;39m - &amp#27;[39mAutowiring by type from bean name 'stringHttpMessageConverter' via factory method to bean named 'spring.http.converters-org.springframework.boot.http.converter.autoconfigure.HttpMessageConvertersProperties'
&amp#27;[0;39m2025-12-17 15:17:45 DEBUG &amp#27;[36mo.s.b.f.s.DefaultListableBeanFactory&amp#27;[0;39m - &amp#27;[39mCreating shared instance of singleton bean 'jacksonJsonHttpMessageConverter'
&amp#27;[0;39m2025-12-17 15:17:45 DEBUG &amp#27;[36mo.s.b.f.s.DefaultListableBeanFactory&amp#27;[0;39m - &amp#27;[39mCreating shared instance of singleton bean 'org.springframework.boot.http.converter.autoconfigure.JacksonHttpMessageConvertersConfiguration$JacksonJsonHttpMessageConverterConfiguration'
&amp#27;[0;39m2025-12-17 15:17:45 DEBUG &amp#27;[36mo.s.b.f.s.DefaultListableBeanFactory&amp#27;[0;39m - &amp#27;[39mCreating shared instance of singleton bean 'jacksonJsonMapper'
&amp#27;[0;39m2025-12-17 15:17:45 DEBUG &amp#27;[36mo.s.b.f.s.DefaultListableBeanFactory&amp#27;[0;39m - &amp#27;[39mCreating shared instance of singleton bean 'org.springframework.boot.jackson.autoconfigure.JacksonAutoConfiguration'
&amp#27;[0;39m2025-12-17 15:17:45 DEBUG &amp#27;[36mo.s.b.f.s.DefaultListableBeanFactory&amp#27;[0;39m - &amp#27;[39mCreating shared instance of singleton bean 'problemDetailJsonMapperBuilderCustomizer'
&amp#27;[0;39m2025-12-17 15:17:45 DEBUG &amp#27;[36mo.s.b.f.s.DefaultListableBeanFactory&amp#27;[0;39m - &amp#27;[39mCreating shared instance of singleton bean 'org.springframework.boot.jackson.autoconfigure.JacksonAutoConfiguration$JsonProblemDetailsConfiguration'
&amp#27;[0;39m2025-12-17 15:17:45 DEBUG &amp#27;[36mo.s.b.f.s.DefaultListableBeanFactory&amp#27;[0;39m - &amp#27;[39mCreating shared instance of singleton bean 'standardJsonMapperBuilderCustomizer'
&amp#27;[0;39m2025-12-17 15:17:45 DEBUG &amp#27;[36mo.s.b.f.s.DefaultListableBeanFactory&amp#27;[0;39m - &amp#27;[39mCreating shared instance of singleton bean 'org.springframework.boot.jackson.autoconfigure.JacksonAutoConfiguration$JacksonJsonMapperBuilderCustomizerConfiguration'
&amp#27;[0;39m2025-12-17 15:17:45 DEBUG &amp#27;[36mo.s.b.f.s.DefaultListableBeanFactory&amp#27;[0;39m - &amp#27;[39mCreating shared instance of singleton bean 'spring.jackson-org.springframework.boot.jackson.autoconfigure.JacksonProperties'
&amp#27;[0;39m2025-12-17 15:17:45 DEBUG &amp#27;[36mo.s.b.f.s.DefaultListableBeanFactory&amp#27;[0;39m - &amp#27;[39mAutowiring by type from bean name 'standardJsonMapperBuilderCustomizer' via factory method to bean named 'spring.jackson-org.springframework.boot.jackson.autoconfigure.JacksonProperties'
&amp#27;[0;39m2025-12-17 15:17:45 DEBUG &amp#27;[36mo.s.b.f.s.DefaultListableBeanFactory&amp#27;[0;39m - &amp#27;[39mCreating shared instance of singleton bean 'jacksonMixinModule'
&amp#27;[0;39m2025-12-17 15:17:45 DEBUG &amp#27;[36mo.s.b.f.s.DefaultListableBeanFactory&amp#27;[0;39m - &amp#27;[39mCreating shared instance of singleton bean 'org.springframework.boot.jackson.autoconfigure.JacksonAutoConfiguration$JacksonMixinConfiguration'
&amp#27;[0;39m2025-12-17 15:17:45 DEBUG &amp#27;[36mo.s.b.f.s.DefaultListableBeanFactory&amp#27;[0;39m - &amp#27;[39mCreating shared instance of singleton bean 'jacksonMixinModuleEntries'
&amp#27;[0;39m2025-12-17 15:17:45 DEBUG &amp#27;[36mo.s.b.f.s.DefaultListableBeanFactory&amp#27;[0;39m - &amp#27;[39mAutowiring by type from bean name 'jacksonMixinModuleEntries' via factory method to bean named 'org.springframework.web.context.support.GenericWebApplicationContext@4e904fd5'
&amp#27;[0;39m2025-12-17 15:17:45 DEBUG &amp#27;[36mo.s.b.a.AutoConfigurationPackages&amp#27;[0;39m - &amp#27;[39m@EnableAutoConfiguration was declared on a class in the package 'com.in28minutes.rest.webservices.restfulwebservices'. Automatic @Repository and @Entity scanning is enabled.
&amp#27;[0;39m2025-12-17 15:17:45 DEBUG &amp#27;[36mo.s.b.f.s.DefaultListableBeanFactory&amp#27;[0;39m - &amp#27;[39mAutowiring by type from bean name 'jacksonMixinModule' via factory method to bean named 'org.springframework.web.context.support.GenericWebApplicationContext@4e904fd5'
&amp#27;[0;39m2025-12-17 15:17:45 DEBUG &amp#27;[36mo.s.b.f.s.DefaultListableBeanFactory&amp#27;[0;39m - &amp#27;[39mAutowiring by type from bean name 'jacksonMixinModule' via factory method to bean named 'jacksonMixinModuleEntries'
&amp#27;[0;39m2025-12-17 15:17:45 DEBUG &amp#27;[36mo.s.b.f.s.DefaultListableBeanFactory&amp#27;[0;39m - &amp#27;[39mCreating shared instance of singleton bean 'jsonComponentModule'
&amp#27;[0;39m2025-12-17 15:17:45 DEBUG &amp#27;[36mo.s.b.f.s.DefaultListableBeanFactory&amp#27;[0;39m - &amp#27;[39mAutowiring by type from bean name 'jsonMapperBuilder' via factory method to bean named 'problemDetailJsonMapperBuilderCustomizer'
&amp#27;[0;39m2025-12-17 15:17:45 DEBUG &amp#27;[36mo.s.b.f.s.DefaultListableBeanFactory&amp#27;[0;39m - &amp#27;[39mAutowiring by type from bean name 'jsonMapperBuilder' via factory method to bean named 'standardJsonMapperBuilderCustomizer'
&amp#27;[0;39m2025-12-17 15:17:45 DEBUG &amp#27;[36mo.s.b.f.s.DefaultListableBeanFactory&amp#27;[0;39m - &amp#27;[39mAutowiring by type from bean name 'jacksonJsonMapper' via factory method to bean named 'jsonMapperBuilder'
&amp#27;[0;39m2025-12-17 15:17:45 DEBUG &amp#27;[36mo.s.b.f.s.DefaultListableBeanFactory&amp#27;[0;39m - &amp#27;[39mAutowiring by type from bean name 'jacksonJsonHttpMessageConverter' via factory method to bean named 'jacksonJsonMapper'
&amp#27;[0;39m2025-12-17 15:17:45 DEBUG &amp#27;[36mo.s.b.f.s.DefaultListableBeanFactory&amp#27;[0;39m - &amp#27;[39mCreating shared instance of singleton bean 'mvcApiVersionStrategy'
&amp#27;[0;39m2025-12-17 15:17:45 DEBUG &amp#27;[36mo.s.b.f.s.DefaultListableBeanFactory&amp#27;[0;39m - &amp#27;[39mAutowiring by type from bean name 'requestMappingHandlerMapping' via factory method to bean named 'mvcContentNegotiationManager'
&amp#27;[0;39m2025-12-17 15:17:45 DEBUG &amp#27;[36mo.s.b.f.s.DefaultListableBeanFactory&amp#27;[0;39m - &amp#27;[39mAutowiring by type from bean name 'requestMappingHandlerMapping' via factory method to bean named 'mvcApiVersionStrategy'
&amp#27;[0;39m2025-12-17 15:17:45 DEBUG &amp#27;[36mo.s.b.f.s.DefaultListableBeanFactory&amp#27;[0;39m - &amp#27;[39mAutowiring by type from bean name 'requestMappingHandlerMapping' via factory method to bean named 'mvcConversionService'
&amp#27;[0;39m2025-12-17 15:17:45 DEBUG &amp#27;[36mo.s.b.f.s.DefaultListableBeanFactory&amp#27;[0;39m - &amp#27;[39mAutowiring by type from bean name 'requestMappingHandlerMapping' via factory method to bean named 'mvcResourceUrlProvider'
&amp#27;[0;39m2025-12-17 15:17:45 DEBUG &amp#27;[36mo.s.w.s.m.m.a.RequestMappingHandlerMapping&amp#27;[0;39m - &amp#27;[39m3 mappings in 'requestMappingHandlerMapping'
&amp#27;[0;39m2025-12-17 15:17:45 DEBUG &amp#27;[36mo.s.b.f.s.DefaultListableBeanFactory&amp#27;[0;39m - &amp#27;[39mCreating shared instance of singleton bean 'mvcPatternParser'
&amp#27;[0;39m2025-12-17 15:17:45 DEBUG &amp#27;[36mo.s.b.f.s.DefaultListableBeanFactory&amp#27;[0;39m - &amp#27;[39mCreating shared instance of singleton bean 'mvcUrlPathHelper'
&amp#27;[0;39m2025-12-17 15:17:45 DEBUG &amp#27;[36mo.s.b.f.s.DefaultListableBeanFactory&amp#27;[0;39m - &amp#27;[39mCreating shared instance of singleton bean 'mvcPathMatcher'
&amp#27;[0;39m2025-12-17 15:17:45 DEBUG &amp#27;[36mo.s.b.f.s.DefaultListableBeanFactory&amp#27;[0;39m - &amp#27;[39mCreating shared instance of singleton bean 'viewControllerHandlerMapping'
&amp#27;[0;39m2025-12-17 15:17:45 DEBUG &amp#27;[36mo.s.b.f.s.DefaultListableBeanFactory&amp#27;[0;39m - &amp#27;[39mAutowiring by type from bean name 'viewControllerHandlerMapping' via factory method to bean named 'mvcConversionService'
&amp#27;[0;39m2025-12-17 15:17:45 DEBUG &amp#27;[36mo.s.b.f.s.DefaultListableBeanFactory&amp#27;[0;39m - &amp#27;[39mAutowiring by type from bean name 'viewControllerHandlerMapping' via factory method to bean named 'mvcResourceUrlProvider'
&amp#27;[0;39m2025-12-17 15:17:45 DEBUG &amp#27;[36mo.s.b.f.s.DefaultListableBeanFactory&amp#27;[0;39m - &amp#27;[39mCreating shared instance of singleton bean 'beanNameHandlerMapping'
&amp#27;[0;39m2025-12-17 15:17:45 DEBUG &amp#27;[36mo.s.b.f.s.DefaultListableBeanFactory&amp#27;[0;39m - &amp#27;[39mAutowiring by type from bean name 'beanNameHandlerMapping' via factory method to bean named 'mvcConversionService'
&amp#27;[0;39m2025-12-17 15:17:45 DEBUG &amp#27;[36mo.s.b.f.s.DefaultListableBeanFactory&amp#27;[0;39m - &amp#27;[39mAutowiring by type from bean name 'beanNameHandlerMapping' via factory method to bean named 'mvcResourceUrlProvider'
&amp#27;[0;39m2025-12-17 15:17:45 DEBUG &amp#27;[36mo.s.b.f.s.DefaultListableBeanFactory&amp#27;[0;39m - &amp#27;[39mCreating shared instance of singleton bean 'routerFunctionMapping'
&amp#27;[0;39m2025-12-17 15:17:45 DEBUG &amp#27;[36mo.s.b.f.s.DefaultListableBeanFactory&amp#27;[0;39m - &amp#27;[39mAutowiring by type from bean name 'routerFunctionMapping' via factory method to bean named 'mvcConversionService'
&amp#27;[0;39m2025-12-17 15:17:45 DEBUG &amp#27;[36mo.s.b.f.s.DefaultListableBeanFactory&amp#27;[0;39m - &amp#27;[39mAutowiring by type from bean name 'routerFunctionMapping' via factory method to bean named 'mvcResourceUrlProvider'
&amp#27;[0;39m2025-12-17 15:17:45 DEBUG &amp#27;[36mo.s.b.f.s.DefaultListableBeanFactory&amp#27;[0;39m - &amp#27;[39mAutowiring by type from bean name 'routerFunctionMapping' via factory method to bean named 'mvcApiVersionStrategy'
&amp#27;[0;39m2025-12-17 15:17:45 DEBUG &amp#27;[36mo.s.b.f.s.DefaultListableBeanFactory&amp#27;[0;39m - &amp#27;[39mCreating shared instance of singleton bean 'resourceHandlerMapping'
&amp#27;[0;39m2025-12-17 15:17:45 DEBUG &amp#27;[36mo.s.b.f.s.DefaultListableBeanFactory&amp#27;[0;39m - &amp#27;[39mAutowiring by type from bean name 'resourceHandlerMapping' via factory method to bean named 'mvcContentNegotiationManager'
&amp#27;[0;39m2025-12-17 15:17:45 DEBUG &amp#27;[36mo.s.b.f.s.DefaultListableBeanFactory&amp#27;[0;39m - &amp#27;[39mAutowiring by type from bean name 'resourceHandlerMapping' via factory method to bean named 'mvcConversionService'
&amp#27;[0;39m2025-12-17 15:17:45 DEBUG &amp#27;[36mo.s.b.f.s.DefaultListableBeanFactory&amp#27;[0;39m - &amp#27;[39mAutowiring by type from bean name 'resourceHandlerMapping' via factory method to bean named 'mvcResourceUrlProvider'
&amp#27;[0;39m2025-12-17 15:17:45 DEBUG &amp#27;[36mo.s.w.s.h.SimpleUrlHandlerMapping&amp#27;[0;39m - &amp#27;[39mPatterns [/webjars/**, /**] in 'resourceHandlerMapping'
&amp#27;[0;39m2025-12-17 15:17:45 DEBUG &amp#27;[36mo.s.b.f.s.DefaultListableBeanFactory&amp#27;[0;39m - &amp#27;[39mCreating shared instance of singleton bean 'defaultServletHandlerMapping'
&amp#27;[0;39m2025-12-17 15:17:45 DEBUG &amp#27;[36mo.s.b.f.s.DefaultListableBeanFactory&amp#27;[0;39m - &amp#27;[39mCreating shared instance of singleton bean 'requestMappingHandlerAdapter'
&amp#27;[0;39m2025-12-17 15:17:45 DEBUG &amp#27;[36mo.s.b.f.s.DefaultListableBeanFactory&amp#27;[0;39m - &amp#27;[39mAutowiring by type from bean name 'requestMappingHandlerAdapter' via factory method to bean named 'mvcContentNegotiationManager'
&amp#27;[0;39m2025-12-17 15:17:45 DEBUG &amp#27;[36mo.s.b.f.s.DefaultListableBeanFactory&amp#27;[0;39m - &amp#27;[39mAutowiring by type from bean name 'requestMappingHandlerAdapter' via factory method to bean named 'mvcConversionService'
&amp#27;[0;39m2025-12-17 15:17:45 DEBUG &amp#27;[36mo.s.b.f.s.DefaultListableBeanFactory&amp#27;[0;39m - &amp#27;[39mAutowiring by type from bean name 'requestMappingHandlerAdapter' via factory method to bean named 'mvcValidator'
&amp#27;[0;39m2025-12-17 15:17:45 DEBUG &amp#27;[36mo.s.w.s.m.m.a.RequestMappingHandlerAdapter&amp#27;[0;39m - &amp#27;[39mControllerAdvice beans: 0 @ModelAttribute, 0 @InitBinder, 1 RequestBodyAdvice, 1 ResponseBodyAdvice
&amp#27;[0;39m2025-12-17 15:17:45 DEBUG &amp#27;[36mo.s.b.f.s.DefaultListableBeanFactory&amp#27;[0;39m - &amp#27;[39mCreating shared instance of singleton bean 'mvcViewResolver'
&amp#27;[0;39m2025-12-17 15:17:45 DEBUG &amp#27;[36mo.s.b.f.s.DefaultListableBeanFactory&amp#27;[0;39m - &amp#27;[39mAutowiring by type from bean name 'mvcViewResolver' via factory method to bean named 'mvcContentNegotiationManager'
&amp#27;[0;39m2025-12-17 15:17:45 DEBUG &amp#27;[36mo.s.b.f.s.DefaultListableBeanFactory&amp#27;[0;39m - &amp#27;[39mCreating shared instance of singleton bean 'defaultViewResolver'
&amp#27;[0;39m2025-12-17 15:17:45 DEBUG &amp#27;[36mo.s.b.f.s.DefaultListableBeanFactory&amp#27;[0;39m - &amp#27;[39mCreating shared instance of singleton bean 'viewResolver'
&amp#27;[0;39m2025-12-17 15:17:45 DEBUG &amp#27;[36mo.s.b.f.s.DefaultListableBeanFactory&amp#27;[0;39m - &amp#27;[39mAutowiring by type from bean name 'viewResolver' via factory method to bean named 'org.springframework.beans.factory.support.DefaultListableBeanFactory@7dff6d05'
&amp#27;[0;39m2025-12-17 15:17:45 DEBUG &amp#27;[36mo.s.b.f.s.DefaultListableBeanFactory&amp#27;[0;39m - &amp#27;[39mCreating shared instance of singleton bean 'viewResolver'
&amp#27;[0;39m2025-12-17 15:17:45 DEBUG &amp#27;[36mo.s.b.f.s.DefaultListableBeanFactory&amp#27;[0;39m - &amp#27;[39mCreating shared instance of singleton bean 'handlerFunctionAdapter'
&amp#27;[0;39m2025-12-17 15:17:45 DEBUG &amp#27;[36mo.s.b.f.s.DefaultListableBeanFactory&amp#27;[0;39m - &amp#27;[39mCreating shared instance of singleton bean 'mvcUriComponentsContributor'
&amp#27;[0;39m2025-12-17 15:17:45 DEBUG &amp#27;[36mo.s.b.f.s.DefaultListableBeanFactory&amp#27;[0;39m - &amp#27;[39mAutowiring by type from bean name 'mvcUriComponentsContributor' via factory method to bean named 'mvcConversionService'
&amp#27;[0;39m2025-12-17 15:17:45 DEBUG &amp#27;[36mo.s.b.f.s.DefaultListableBeanFactory&amp#27;[0;39m - &amp#27;[39mAutowiring by type from bean name 'mvcUriComponentsContributor' via factory method to bean named 'requestMappingHandlerAdapter'
&amp#27;[0;39m2025-12-17 15:17:45 DEBUG &amp#27;[36mo.s.b.f.s.DefaultListableBeanFactory&amp#27;[0;39m - &amp#27;[39mCreating shared instance of singleton bean 'httpRequestHandlerAdapter'
&amp#27;[0;39m2025-12-17 15:17:45 DEBUG &amp#27;[36mo.s.b.f.s.DefaultListableBeanFactory&amp#27;[0;39m - &amp#27;[39mCreating shared instance of singleton bean 'simpleControllerHandlerAdapter'
&amp#27;[0;39m2025-12-17 15:17:45 DEBUG &amp#27;[36mo.s.b.f.s.DefaultListableBeanFactory&amp#27;[0;39m - &amp#27;[39mCreating shared instance of singleton bean 'handlerExceptionResolver'
&amp#27;[0;39m2025-12-17 15:17:45 DEBUG &amp#27;[36mo.s.b.f.s.DefaultListableBeanFactory&amp#27;[0;39m - &amp#27;[39mAutowiring by type from bean name 'handlerExceptionResolver' via factory method to bean named 'mvcContentNegotiationManager'
&amp#27;[0;39m2025-12-17 15:17:45 DEBUG &amp#27;[36mo.s.w.s.m.m.a.ExceptionHandlerExceptionResolver&amp#27;[0;39m - &amp#27;[39mControllerAdvice beans: 0 @ExceptionHandler, 1 ResponseBodyAdvice
&amp#27;[0;39m2025-12-17 15:17:45 DEBUG &amp#27;[36mo.s.b.f.s.DefaultListableBeanFactory&amp#27;[0;39m - &amp#27;[39mCreating shared instance of singleton bean 'requestContextFilter'
&amp#27;[0;39m2025-12-17 15:17:45 DEBUG &amp#27;[36mo.s.b.f.s.DefaultListableBeanFactory&amp#27;[0;39m - &amp#27;[39mCreating shared instance of singleton bean 'org.springframework.boot.webmvc.autoconfigure.WebMvcAutoConfiguration'
&amp#27;[0;39m2025-12-17 15:17:45 DEBUG &amp#27;[36mo.s.b.f.s.DefaultListableBeanFactory&amp#27;[0;39m - &amp#27;[39mCreating shared instance of singleton bean 'formContentFilter'
&amp#27;[0;39m2025-12-17 15:17:45 DEBUG &amp#27;[36mo.s.b.f.s.DefaultListableBeanFactory&amp#27;[0;39m - &amp#27;[39mCreating shared instance of singleton bean 'org.springframework.boot.autoconfigure.aop.AopAutoConfiguration$ClassProxyingConfiguration'
&amp#27;[0;39m2025-12-17 15:17:45 DEBUG &amp#27;[36mo.s.b.f.s.DefaultListableBeanFactory&amp#27;[0;39m - &amp#27;[39mCreating shared instance of singleton bean 'org.springframework.boot.autoconfigure.aop.AopAutoConfiguration'
&amp#27;[0;39m2025-12-17 15:17:45 DEBUG &amp#27;[36mo.s.b.f.s.DefaultListableBeanFactory&amp#27;[0;39m - &amp#27;[39mCreating shared instance of singleton bean 'org.springframework.boot.autoconfigure.availability.ApplicationAvailabilityAutoConfiguration'
&amp#27;[0;39m2025-12-17 15:17:45 DEBUG &amp#27;[36mo.s.b.f.s.DefaultListableBeanFactory&amp#27;[0;39m - &amp#27;[39mCreating shared instance of singleton bean 'applicationAvailability'
&amp#27;[0;39m2025-12-17 15:17:45 DEBUG &amp#27;[36mo.s.b.f.s.DefaultListableBeanFactory&amp#27;[0;39m - &amp#27;[39mCreating shared instance of singleton bean 'org.springframework.boot.autoconfigure.context.ConfigurationPropertiesAutoConfiguration'
&amp#27;[0;39m2025-12-17 15:17:45 DEBUG &amp#27;[36mo.s.b.f.s.DefaultListableBeanFactory&amp#27;[0;39m - &amp#27;[39mCreating shared instance of singleton bean 'org.springframework.boot.autoconfigure.context.LifecycleAutoConfiguration'
&amp#27;[0;39m2025-12-17 15:17:45 DEBUG &amp#27;[36mo.s.b.f.s.DefaultListableBeanFactory&amp#27;[0;39m - &amp#27;[39mCreating shared instance of singleton bean 'lifecycleProcessor'
&amp#27;[0;39m2025-12-17 15:17:45 DEBUG &amp#27;[36mo.s.b.f.s.DefaultListableBeanFactory&amp#27;[0;39m - &amp#27;[39mCreating shared instance of singleton bean 'spring.lifecycle-org.springframework.boot.autoconfigure.context.LifecycleProperties'
&amp#27;[0;39m2025-12-17 15:17:45 DEBUG &amp#27;[36mo.s.b.f.s.DefaultListableBeanFactory&amp#27;[0;39m - &amp#27;[39mAutowiring by type from bean name 'lifecycleProcessor' via factory method to bean named 'spring.lifecycle-org.springframework.boot.autoconfigure.context.LifecycleProperties'
&amp#27;[0;39m2025-12-17 15:17:45 DEBUG &amp#27;[36mo.s.b.f.s.DefaultListableBeanFactory&amp#27;[0;39m - &amp#27;[39mCreating shared instance of singleton bean 'org.springframework.boot.autoconfigure.info.ProjectInfoAutoConfiguration'
&amp#27;[0;39m2025-12-17 15:17:45 DEBUG &amp#27;[36mo.s.b.f.s.DefaultListableBeanFactory&amp#27;[0;39m - &amp#27;[39mCreating shared instance of singleton bean 'spring.info-org.springframework.boot.autoconfigure.info.ProjectInfoProperties'
&amp#27;[0;39m2025-12-17 15:17:45 DEBUG &amp#27;[36mo.s.b.f.s.DefaultListableBeanFactory&amp#27;[0;39m - &amp#27;[39mAutowiring by type from bean name 'org.springframework.boot.autoconfigure.info.ProjectInfoAutoConfiguration' via constructor to bean named 'spring.info-org.springframework.boot.autoconfigure.info.ProjectInfoProperties'
&amp#27;[0;39m2025-12-17 15:17:45 DEBUG &amp#27;[36mo.s.b.f.s.DefaultListableBeanFactory&amp#27;[0;39m - &amp#27;[39mCreating shared instance of singleton bean 'org.springframework.boot.autoconfigure.ssl.SslAutoConfiguration'
&amp#27;[0;39m2025-12-17 15:17:45 DEBUG &amp#27;[36mo.s.b.f.s.DefaultListableBeanFactory&amp#27;[0;39m - &amp#27;[39mCreating shared instance of singleton bean 'spring.ssl-org.springframework.boot.autoconfigure.ssl.SslProperties'
&amp#27;[0;39m2025-12-17 15:17:45 DEBUG &amp#27;[36mo.s.b.f.s.DefaultListableBeanFactory&amp#27;[0;39m - &amp#27;[39mAutowiring by type from bean name 'org.springframework.boot.autoconfigure.ssl.SslAutoConfiguration' via constructor to bean named 'org.springframework.web.context.support.GenericWebApplicationContext@4e904fd5'
&amp#27;[0;39m2025-12-17 15:17:45 DEBUG &amp#27;[36mo.s.b.f.s.DefaultListableBeanFactory&amp#27;[0;39m - &amp#27;[39mAutowiring by type from bean name 'org.springframework.boot.autoconfigure.ssl.SslAutoConfiguration' via constructor to bean named 'spring.ssl-org.springframework.boot.autoconfigure.ssl.SslProperties'
&amp#27;[0;39m2025-12-17 15:17:45 DEBUG &amp#27;[36mo.s.b.f.s.DefaultListableBeanFactory&amp#27;[0;39m - &amp#27;[39mCreating shared instance of singleton bean 'fileWatcher'
&amp#27;[0;39m2025-12-17 15:17:45 DEBUG &amp#27;[36mo.s.b.f.s.DefaultListableBeanFactory&amp#27;[0;39m - &amp#27;[39mCreating shared instance of singleton bean 'sslPropertiesSslBundleRegistrar'
&amp#27;[0;39m2025-12-17 15:17:45 DEBUG &amp#27;[36mo.s.b.f.s.DefaultListableBeanFactory&amp#27;[0;39m - &amp#27;[39mAutowiring by type from bean name 'sslPropertiesSslBundleRegistrar' via factory method to bean named 'fileWatcher'
&amp#27;[0;39m2025-12-17 15:17:45 DEBUG &amp#27;[36mo.s.b.f.s.DefaultListableBeanFactory&amp#27;[0;39m - &amp#27;[39mCreating shared instance of singleton bean 'sslBundleRegistry'
&amp#27;[0;39m2025-12-17 15:17:45 DEBUG &amp#27;[36mo.s.b.f.s.DefaultListableBeanFactory&amp#27;[0;39m - &amp#27;[39mCreating shared instance of singleton bean 'org.springframework.boot.autoconfigure.task.TaskSchedulingConfigurations$ThreadPoolTaskSchedulerBuilderConfiguration'
&amp#27;[0;39m2025-12-17 15:17:45 DEBUG &amp#27;[36mo.s.b.f.s.DefaultListableBeanFactory&amp#27;[0;39m - &amp#27;[39mCreating shared instance of singleton bean 'threadPoolTaskSchedulerBuilder'
&amp#27;[0;39m2025-12-17 15:17:45 DEBUG &amp#27;[36mo.s.b.f.s.DefaultListableBeanFactory&amp#27;[0;39m - &amp#27;[39mCreating shared instance of singleton bean 'spring.task.scheduling-org.springframework.boot.autoconfigure.task.TaskSchedulingProperties'
&amp#27;[0;39m2025-12-17 15:17:45 DEBUG &amp#27;[36mo.s.b.f.s.DefaultListableBeanFactory&amp#27;[0;39m - &amp#27;[39mAutowiring by type from bean name 'threadPoolTaskSchedulerBuilder' via factory method to bean named 'spring.task.scheduling-org.springframework.boot.autoconfigure.task.TaskSchedulingProperties'
&amp#27;[0;39m2025-12-17 15:17:45 DEBUG &amp#27;[36mo.s.b.f.s.DefaultListableBeanFactory&amp#27;[0;39m - &amp#27;[39mCreating shared instance of singleton bean 'org.springframework.boot.autoconfigure.task.TaskSchedulingConfigurations$SimpleAsyncTaskSchedulerBuilderConfiguration'
&amp#27;[0;39m2025-12-17 15:17:45 DEBUG &amp#27;[36mo.s.b.f.s.DefaultListableBeanFactory&amp#27;[0;39m - &amp#27;[39mAutowiring by type from bean name 'org.springframework.boot.autoconfigure.task.TaskSchedulingConfigurations$SimpleAsyncTaskSchedulerBuilderConfiguration' via constructor to bean named 'spring.task.scheduling-org.springframework.boot.autoconfigure.task.TaskSchedulingProperties'
&amp#27;[0;39m2025-12-17 15:17:45 DEBUG &amp#27;[36mo.s.b.f.s.DefaultListableBeanFactory&amp#27;[0;39m - &amp#27;[39mCreating shared instance of singleton bean 'simpleAsyncTaskSchedulerBuilder'
&amp#27;[0;39m2025-12-17 15:17:45 DEBUG &amp#27;[36mo.s.b.f.s.DefaultListableBeanFactory&amp#27;[0;39m - &amp#27;[39mCreating shared instance of singleton bean 'org.springframework.boot.autoconfigure.task.TaskSchedulingAutoConfiguration'
&amp#27;[0;39m2025-12-17 15:17:45 DEBUG &amp#27;[36mo.s.b.f.s.DefaultListableBeanFactory&amp#27;[0;39m - &amp#27;[39mCreating shared instance of singleton bean 'org.springframework.boot.http.converter.autoconfigure.JacksonHttpMessageConvertersConfiguration'
&amp#27;[0;39m2025-12-17 15:17:45 DEBUG &amp#27;[36mo.s.b.f.s.DefaultListableBeanFactory&amp#27;[0;39m - &amp#27;[39mCreating shared instance of singleton bean 'org.springframework.boot.http.converter.autoconfigure.Jackson2HttpMessageConvertersConfiguration'
&amp#27;[0;39m2025-12-17 15:17:45 DEBUG &amp#27;[36mo.s.b.f.s.DefaultListableBeanFactory&amp#27;[0;39m - &amp#27;[39mCreating shared instance of singleton bean 'clientConvertersCustomizer'
&amp#27;[0;39m2025-12-17 15:17:45 DEBUG &amp#27;[36mo.s.b.f.s.DefaultListableBeanFactory&amp#27;[0;39m - &amp#27;[39mCreating shared instance of singleton bean 'org.springframework.boot.servlet.autoconfigure.HttpEncodingAutoConfiguration'
&amp#27;[0;39m2025-12-17 15:17:45 DEBUG &amp#27;[36mo.s.b.f.s.DefaultListableBeanFactory&amp#27;[0;39m - &amp#27;[39mCreating shared instance of singleton bean 'characterEncodingFilter'
&amp#27;[0;39m2025-12-17 15:17:45 DEBUG &amp#27;[36mo.s.b.f.s.DefaultListableBeanFactory&amp#27;[0;39m - &amp#27;[39mCreating shared instance of singleton bean 'spring.servlet.encoding-org.springframework.boot.servlet.autoconfigure.ServletEncodingProperties'
&amp#27;[0;39m2025-12-17 15:17:45 DEBUG &amp#27;[36mo.s.b.f.s.DefaultListableBeanFactory&amp#27;[0;39m - &amp#27;[39mAutowiring by type from bean name 'characterEncodingFilter' via factory method to bean named 'spring.servlet.encoding-org.springframework.boot.servlet.autoconfigure.ServletEncodingProperties'
&amp#27;[0;39m2025-12-17 15:17:45 DEBUG &amp#27;[36mo.s.b.f.s.DefaultListableBeanFactory&amp#27;[0;39m - &amp#27;[39mCreating shared instance of singleton bean 'multipartResolver'
&amp#27;[0;39m2025-12-17 15:17:45 DEBUG &amp#27;[36mo.s.b.f.s.DefaultListableBeanFactory&amp#27;[0;39m - &amp#27;[39mCreating shared instance of singleton bean 'org.springframework.boot.web.server.autoconfigure.servlet.ServletWebServerConfiguration'
&amp#27;[0;39m2025-12-17 15:17:45 DEBUG &amp#27;[36mo.s.b.f.s.DefaultListableBeanFactory&amp#27;[0;39m - &amp#27;[39mCreating shared instance of singleton bean 'servletWebServerFactoryCustomizer'
&amp#27;[0;39m2025-12-17 15:17:45 DEBUG &amp#27;[36mo.s.b.f.s.DefaultListableBeanFactory&amp#27;[0;39m - &amp#27;[39mCreating shared instance of singleton bean 'server-org.springframework.boot.web.server.autoconfigure.ServerProperties'
&amp#27;[0;39m2025-12-17 15:17:45 DEBUG &amp#27;[36mo.s.b.f.s.DefaultListableBeanFactory&amp#27;[0;39m - &amp#27;[39mAutowiring by type from bean name 'servletWebServerFactoryCustomizer' via factory method to bean named 'server-org.springframework.boot.web.server.autoconfigure.ServerProperties'
&amp#27;[0;39m2025-12-17 15:17:45 DEBUG &amp#27;[36mo.s.b.f.s.DefaultListableBeanFactory&amp#27;[0;39m - &amp#27;[39mCreating shared instance of singleton bean 'org.springframework.boot.tomcat.autoconfigure.servlet.TomcatServletWebServerAutoConfiguration'
&amp#27;[0;39m2025-12-17 15:17:45 DEBUG &amp#27;[36mo.s.b.f.s.DefaultListableBeanFactory&amp#27;[0;39m - &amp#27;[39mCreating shared instance of singleton bean 'server.tomcat-org.springframework.boot.tomcat.autoconfigure.TomcatServerProperties'
&amp#27;[0;39m2025-12-17 15:17:45 DEBUG &amp#27;[36mo.s.b.f.s.DefaultListableBeanFactory&amp#27;[0;39m - &amp#27;[39mAutowiring by type from bean name 'org.springframework.boot.tomcat.autoconfigure.servlet.TomcatServletWebServerAutoConfiguration' via constructor to bean named 'server.tomcat-org.springframework.boot.tomcat.autoconfigure.TomcatServerProperties'
&amp#27;[0;39m2025-12-17 15:17:45 DEBUG &amp#27;[36mo.s.b.f.s.DefaultListableBeanFactory&amp#27;[0;39m - &amp#27;[39mCreating shared instance of singleton bean 'tomcatServletWebServerFactory'
&amp#27;[0;39m2025-12-17 15:17:45 DEBUG &amp#27;[36mo.s.b.f.s.DefaultListableBeanFactory&amp#27;[0;39m - &amp#27;[39mCreating shared instance of singleton bean 'tomcatServletWebServerFactoryCustomizer'
&amp#27;[0;39m2025-12-17 15:17:45 DEBUG &amp#27;[36mo.s.b.f.s.DefaultListableBeanFactory&amp#27;[0;39m - &amp#27;[39mAutowiring by type from bean name 'tomcatServletWebServerFactoryCustomizer' via factory method to bean named 'server.tomcat-org.springframework.boot.tomcat.autoconfigure.TomcatServerProperties'
&amp#27;[0;39m2025-12-17 15:17:45 DEBUG &amp#27;[36mo.s.c.s.DefaultLifecycleProcessor&amp#27;[0;39m - &amp#27;[39mStarting beans in phase -2147483647
&amp#27;[0;39m2025-12-17 15:17:45 DEBUG &amp#27;[36mo.s.c.s.DefaultLifecycleProcessor&amp#27;[0;39m - &amp#27;[39mSuccessfully started bean 'springBootLoggingLifecycle'
&amp#27;[0;39m2025-12-17 15:17:45 DEBUG &amp#27;[36mo.s.c.s.DefaultLifecycleProcessor&amp#27;[0;39m - &amp#27;[39mStarting beans in phase 1073741823
&amp#27;[0;39m2025-12-17 15:17:45 DEBUG &amp#27;[36mo.s.b.a.l.ConditionEvaluationReportLogger&amp#27;[0;39m - &amp#27;[39m


============================
CONDITIONS EVALUATION REPORT
============================


Positive matches:
-----------------

   AopAutoConfiguration matched:
      - @ConditionalOnBooleanProperty (spring.aop.auto=true) matched (OnPropertyCondition)

   AopAutoConfiguration.ClassProxyingConfiguration matched:
      - @ConditionalOnMissingClass did not find unwanted class 'org.aspectj.weaver.Advice' (OnClassCondition)
      - @ConditionalOnBooleanProperty (spring.aop.proxy-target-class=true) matched (OnPropertyCondition)

   ApplicationAvailabilityAutoConfiguration#applicationAvailability matched:
      - @ConditionalOnMissingBean (types: org.springframework.boot.availability.ApplicationAvailability; SearchStrategy: all) did not find any beans (OnBeanCondition)

   DispatcherServletAutoConfiguration matched:
      - @ConditionalOnClass found required class 'org.springframework.web.servlet.DispatcherServlet' (OnClassCondition)
      - found 'session' scope (OnWebApplicationCondition)

   DispatcherServletAutoConfiguration.DispatcherServletConfiguration matched:
      - @ConditionalOnClass found required class 'jakarta.servlet.ServletRegistration' (OnClassCondition)
      - Default DispatcherServlet did not find dispatcher servlet beans (DispatcherServletAutoConfiguration.DefaultDispatcherServletCondition)

   DispatcherServletAutoConfiguration.DispatcherServletRegistrationConfiguration matched:
      - @ConditionalOnClass found required class 'jakarta.servlet.ServletRegistration' (OnClassCondition)
      - DispatcherServlet Registration did not find servlet registration bean (DispatcherServletAutoConfiguration.DispatcherServletRegistrationCondition)

   DispatcherServletAutoConfiguration.DispatcherServletRegistrationConfiguration#dispatcherServletRegistration matched:
      - @ConditionalOnBean (names: dispatcherServlet types: org.springframework.web.servlet.DispatcherServlet; SearchStrategy: all) found bean 'dispatcherServlet' (OnBeanCondition)

   ErrorMvcAutoConfiguration matched:
      - @ConditionalOnClass found required classes 'jakarta.servlet.Servlet', 'org.springframework.web.servlet.DispatcherServlet' (OnClassCondition)
      - found 'session' scope (OnWebApplicationCondition)

   ErrorMvcAutoConfiguration#basicErrorController matched:
      - @ConditionalOnMissingBean (types: org.springframework.boot.webmvc.error.ErrorController; SearchStrategy: current) did not find any beans (OnBeanCondition)

   ErrorMvcAutoConfiguration#errorAttributes matched:
      - @ConditionalOnMissingBean (types: org.springframework.boot.webmvc.error.ErrorAttributes; SearchStrategy: current) did not find any beans (OnBeanCondition)

   ErrorMvcAutoConfiguration.DefaultErrorViewResolverConfiguration#conventionErrorViewResolver matched:
      - @ConditionalOnBean (types: org.springframework.web.servlet.DispatcherServlet; SearchStrategy: all) found bean 'dispatcherServlet'; @ConditionalOnMissingBean (types: org.springframework.boot.webmvc.autoconfigure.error.ErrorViewResolver; SearchStrategy: all) did not find any beans (OnBeanCondition)

   ErrorMvcAutoConfiguration.WhitelabelErrorViewConfiguration matched:
      - @ConditionalOnBooleanProperty (spring.web.error.whitelabel.enabled=true) matched (OnPropertyCondition)
      - ErrorTemplate Missing did not find error template view (ErrorMvcAutoConfiguration.ErrorTemplateMissingCondition)

   ErrorMvcAutoConfiguration.WhitelabelErrorViewConfiguration#beanNameViewResolver matched:
      - @ConditionalOnMissingBean (types: org.springframework.web.servlet.view.BeanNameViewResolver; SearchStrategy: all) did not find any beans (OnBeanCondition)

   ErrorMvcAutoConfiguration.WhitelabelErrorViewConfiguration#defaultErrorView matched:
      - @ConditionalOnMissingBean (names: error; SearchStrategy: all) did not find any beans (OnBeanCondition)

   HttpEncodingAutoConfiguration matched:
      - @ConditionalOnClass found required class 'org.springframework.web.filter.CharacterEncodingFilter' (OnClassCondition)
      - found 'session' scope (OnWebApplicationCondition)
      - @ConditionalOnBooleanProperty (spring.servlet.encoding.enabled=true) matched (OnPropertyCondition)

   HttpEncodingAutoConfiguration#characterEncodingFilter matched:
      - @ConditionalOnMissingBean (types: org.springframework.web.filter.CharacterEncodingFilter; SearchStrategy: all) did not find any beans (OnBeanCondition)

   HttpMessageConvertersAutoConfiguration matched:
      - @ConditionalOnClass found required class 'org.springframework.http.converter.HttpMessageConverter' (OnClassCondition)
      - NoneNestedConditions 0 matched 1 did not; NestedCondition on HttpMessageConvertersAutoConfiguration.NotReactiveWebApplicationCondition.ReactiveWebApplication did not find reactive web application classes (HttpMessageConvertersAutoConfiguration.NotReactiveWebApplicationCondition)

   HttpMessageConvertersAutoConfiguration.StringHttpMessageConverterConfiguration matched:
      - @ConditionalOnClass found required class 'org.springframework.http.converter.StringHttpMessageConverter' (OnClassCondition)

   HttpMessageConvertersAutoConfiguration.StringHttpMessageConverterConfiguration#stringHttpMessageConverter matched:
      - @ConditionalOnMissingBean (types: org.springframework.http.converter.StringHttpMessageConverter; SearchStrategy: all) did not find any beans (OnBeanCondition)

   JacksonAutoConfiguration matched:
      - @ConditionalOnClass found required class 'tools.jackson.databind.json.JsonMapper' (OnClassCondition)

   JacksonAutoConfiguration#jacksonJsonMapper matched:
      - @ConditionalOnMissingBean (types: tools.jackson.databind.json.JsonMapper; SearchStrategy: all) did not find any beans (OnBeanCondition)

   JacksonAutoConfiguration#jsonMapperBuilder matched:
      - @ConditionalOnMissingBean (types: tools.jackson.databind.json.JsonMapper$Builder; SearchStrategy: all) did not find any beans (OnBeanCondition)

   JacksonAutoConfiguration.JsonProblemDetailsConfiguration matched:
      - @ConditionalOnClass found required class 'org.springframework.http.ProblemDetail' (OnClassCondition)

   JacksonHttpMessageConvertersConfiguration.JacksonJsonHttpMessageConverterConfiguration matched:
      - @ConditionalOnClass found required class 'tools.jackson.databind.json.JsonMapper' (OnClassCondition)
      - @ConditionalOnProperty (spring.http.converters.preferred-json-mapper=jackson) matched (OnPropertyCondition)
      - @ConditionalOnBean (types: tools.jackson.databind.json.JsonMapper; SearchStrategy: all) found bean 'jacksonJsonMapper' (OnBeanCondition)

   JacksonHttpMessageConvertersConfiguration.JacksonJsonHttpMessageConverterConfiguration#jacksonJsonHttpMessageConverter matched:
      - @ConditionalOnMissingBean (types: org.springframework.http.converter.json.JacksonJsonHttpMessageConverter ignored: ?; SearchStrategy: all) did not find any beans (OnBeanCondition)

   LifecycleAutoConfiguration#defaultLifecycleProcessor matched:
      - @ConditionalOnMissingBean (names: lifecycleProcessor; SearchStrategy: current) did not find any beans (OnBeanCondition)

   MultipartAutoConfiguration matched:
      - @ConditionalOnClass found required classes 'jakarta.servlet.Servlet', 'org.springframework.web.multipart.support.StandardServletMultipartResolver', 'jakarta.servlet.MultipartConfigElement' (OnClassCondition)
      - found 'session' scope (OnWebApplicationCondition)
      - @ConditionalOnBooleanProperty (spring.servlet.multipart.enabled=true) matched (OnPropertyCondition)

   MultipartAutoConfiguration#multipartConfigElement matched:
      - @ConditionalOnMissingBean (types: jakarta.servlet.MultipartConfigElement; SearchStrategy: all) did not find any beans (OnBeanCondition)

   MultipartAutoConfiguration#multipartResolver matched:
      - @ConditionalOnMissingBean (types: org.springframework.web.multipart.MultipartResolver; SearchStrategy: all) did not find any beans (OnBeanCondition)

   PropertyPlaceholderAutoConfiguration#propertySourcesPlaceholderConfigurer matched:
      - @ConditionalOnMissingBean (types: org.springframework.context.support.PropertySourcesPlaceholderConfigurer; SearchStrategy: current) did not find any beans (OnBeanCondition)

   SslAutoConfiguration#sslBundleRegistry matched:
      - @ConditionalOnMissingBean (types: org.springframework.boot.ssl.SslBundleRegistry,org.springframework.boot.ssl.SslBundles; SearchStrategy: all) did not find any beans (OnBeanCondition)

   TaskExecutionAutoConfiguration matched:
      - @ConditionalOnClass found required class 'org.springframework.scheduling.concurrent.ThreadPoolTaskExecutor' (OnClassCondition)

   TaskExecutorConfigurations.AsyncConfigurerConfiguration matched:
      - @ConditionalOnMissingBean (types: org.springframework.scheduling.annotation.AsyncConfigurer; SearchStrategy: all) did not find any beans (OnBeanCondition)

   TaskExecutorConfigurations.SimpleAsyncTaskExecutorBuilderConfiguration#simpleAsyncTaskExecutorBuilder matched:
      - @ConditionalOnThreading found PLATFORM (OnThreadingCondition)
      - @ConditionalOnMissingBean (types: org.springframework.boot.task.SimpleAsyncTaskExecutorBuilder; SearchStrategy: all) did not find any beans (OnBeanCondition)

   TaskExecutorConfigurations.TaskExecutorConfiguration matched:
      - AnyNestedCondition 1 matched 1 did not; NestedCondition on TaskExecutorConfigurations.OnExecutorCondition.ModelCondition @ConditionalOnProperty (spring.task.execution.mode=force) did not find property 'spring.task.execution.mode'; NestedCondition on TaskExecutorConfigurations.OnExecutorCondition.ExecutorBeanCondition @ConditionalOnMissingBean (types: java.util.concurrent.Executor; SearchStrategy: all) did not find any beans (TaskExecutorConfigurations.OnExecutorCondition)

   TaskExecutorConfigurations.TaskExecutorConfiguration#applicationTaskExecutor matched:
      - @ConditionalOnThreading found PLATFORM (OnThreadingCondition)

   TaskExecutorConfigurations.ThreadPoolTaskExecutorBuilderConfiguration#threadPoolTaskExecutorBuilder matched:
      - @ConditionalOnMissingBean (types: org.springframework.boot.task.ThreadPoolTaskExecutorBuilder; SearchStrategy: all) did not find any beans (OnBeanCondition)

   TaskSchedulingAutoConfiguration matched:
      - @ConditionalOnClass found required class 'org.springframework.scheduling.concurrent.ThreadPoolTaskScheduler' (OnClassCondition)

   TaskSchedulingConfigurations.SimpleAsyncTaskSchedulerBuilderConfiguration#simpleAsyncTaskSchedulerBuilder matched:
      - @ConditionalOnMissingBean (types: org.springframework.boot.task.SimpleAsyncTaskSchedulerBuilder; SearchStrategy: all) did not find any beans (OnBeanCondition)
      - @ConditionalOnThreading found PLATFORM (OnThreadingCondition)

   TaskSchedulingConfigurations.ThreadPoolTaskSchedulerBuilderConfiguration#threadPoolTaskSchedulerBuilder matched:
      - @ConditionalOnMissingBean (types: org.springframework.boot.task.ThreadPoolTaskSchedulerBuilder; SearchStrategy: all) did not find any beans (OnBeanCondition)

   TomcatServletWebServerAutoConfiguration matched:
      - @ConditionalOnClass found required classes 'jakarta.servlet.ServletRequest', 'org.apache.catalina.startup.Tomcat', 'org.apache.coyote.UpgradeProtocol', 'org.springframework.boot.tomcat.servlet.TomcatServletWebServerFactory' (OnClassCondition)
      - found 'session' scope (OnWebApplicationCondition)

   TomcatServletWebServerAutoConfiguration#tomcatServletWebServerFactory matched:
      - @ConditionalOnMissingBean (types: org.springframework.boot.web.server.servlet.ServletWebServerFactory; SearchStrategy: current) did not find any beans (OnBeanCondition)

   WebMvcAutoConfiguration matched:
      - @ConditionalOnClass found required classes 'jakarta.servlet.Servlet', 'org.springframework.web.servlet.DispatcherServlet', 'org.springframework.web.servlet.config.annotation.WebMvcConfigurer' (OnClassCondition)
      - found 'session' scope (OnWebApplicationCondition)
      - @ConditionalOnMissingBean (types: org.springframework.web.servlet.config.annotation.WebMvcConfigurationSupport; SearchStrategy: all) did not find any beans (OnBeanCondition)

   WebMvcAutoConfiguration#formContentFilter matched:
      - @ConditionalOnBooleanProperty (spring.mvc.formcontent.filter.enabled=true) matched (OnPropertyCondition)
      - @ConditionalOnMissingBean (types: org.springframework.web.filter.FormContentFilter; SearchStrategy: all) did not find any beans (OnBeanCondition)

   WebMvcAutoConfiguration.EnableWebMvcConfiguration#flashMapManager matched:
      - @ConditionalOnMissingBean (names: flashMapManager; SearchStrategy: all) did not find any beans (OnBeanCondition)

   WebMvcAutoConfiguration.EnableWebMvcConfiguration#localeResolver matched:
      - @ConditionalOnMissingBean (names: localeResolver; SearchStrategy: all) did not find any beans (OnBeanCondition)

   WebMvcAutoConfiguration.EnableWebMvcConfiguration#viewNameTranslator matched:
      - @ConditionalOnMissingBean (names: viewNameTranslator; SearchStrategy: all) did not find any beans (OnBeanCondition)

   WebMvcAutoConfiguration.WebMvcAutoConfigurationAdapter#defaultViewResolver matched:
      - @ConditionalOnMissingBean (types: org.springframework.web.servlet.view.InternalResourceViewResolver; SearchStrategy: all) did not find any beans (OnBeanCondition)

   WebMvcAutoConfiguration.WebMvcAutoConfigurationAdapter#requestContextFilter matched:
      - @ConditionalOnMissingBean (types: org.springframework.web.context.request.RequestContextListener,org.springframework.web.filter.RequestContextFilter; SearchStrategy: all) did not find any beans (OnBeanCondition)

   WebMvcAutoConfiguration.WebMvcAutoConfigurationAdapter#viewResolver matched:
      - @ConditionalOnBean (types: org.springframework.web.servlet.ViewResolver; SearchStrategy: all) found beans 'defaultViewResolver', 'beanNameViewResolver', 'mvcViewResolver'; @ConditionalOnMissingBean (names: viewResolver types: org.springframework.web.servlet.view.ContentNegotiatingViewResolver; SearchStrategy: all) did not find any beans (OnBeanCondition)


Negative matches:
-----------------

   AopAutoConfiguration.AspectJAutoProxyingConfiguration:
      Did not match:
         - @ConditionalOnClass did not find required class 'org.aspectj.weaver.Advice' (OnClassCondition)

   DispatcherServletAutoConfiguration.DispatcherServletConfiguration#multipartResolver:
      Did not match:
         - @ConditionalOnBean (types: org.springframework.web.multipart.MultipartResolver; SearchStrategy: all) did not find any beans of type org.springframework.web.multipart.MultipartResolver (OnBeanCondition)

   GsonHttpMessageConvertersConfiguration:
      Did not match:
         - @ConditionalOnClass did not find required class 'com.google.gson.Gson' (OnClassCondition)

   Jackson2HttpMessageConvertersConfiguration.MappingJackson2HttpMessageConverterConfiguration:
      Did not match:
         - @ConditionalOnClass did not find required class 'com.fasterxml.jackson.databind.ObjectMapper' (OnClassCondition)

   Jackson2HttpMessageConvertersConfiguration.MappingJackson2XmlHttpMessageConverterConfiguration:
      Did not match:
         - @ConditionalOnClass did not find required class 'tools.jackson.dataformat.xml.XmlMapper' (OnClassCondition)

   JacksonAutoConfiguration.CborConfiguration:
      Did not match:
         - @ConditionalOnClass did not find required class 'tools.jackson.dataformat.cbor.CBORMapper' (OnClassCondition)

   JacksonAutoConfiguration.XmlConfiguration:
      Did not match:
         - @ConditionalOnClass did not find required class 'tools.jackson.dataformat.xml.XmlMapper' (OnClassCondition)

   JacksonHttpMessageConvertersConfiguration.JacksonXmlHttpMessageConverterConfiguration:
      Did not match:
         - @ConditionalOnClass did not find required class 'tools.jackson.dataformat.xml.XmlMapper' (OnClassCondition)

   JmxAutoConfiguration:
      Did not match:
         - @ConditionalOnBooleanProperty (spring.jmx.enabled=true) found different value in property 'spring.jmx.enabled' (OnPropertyCondition)
      Matched:
         - @ConditionalOnClass found required class 'org.springframework.jmx.export.MBeanExporter' (OnClassCondition)

   JsonbHttpMessageConvertersConfiguration:
      Did not match:
         - @ConditionalOnClass did not find required class 'jakarta.json.bind.Jsonb' (OnClassCondition)

   KotlinSerializationHttpMessageConvertersConfiguration:
      Did not match:
         - @ConditionalOnClass did not find required classes 'kotlinx.serialization.Serializable', 'kotlinx.serialization.json.Json' (OnClassCondition)

   MessageSourceAutoConfiguration:
      Did not match:
         - ResourceBundle did not find bundle with basename messages (MessageSourceAutoConfiguration.ResourceBundleCondition)

   ProjectInfoAutoConfiguration#buildProperties:
      Did not match:
         - @ConditionalOnResource did not find resource '${spring.info.build.location:classpath:META-INF/build-info.properties}' (OnResourceCondition)

   ProjectInfoAutoConfiguration#gitProperties:
      Did not match:
         - GitResource did not find git info at classpath:git.properties (ProjectInfoAutoConfiguration.GitResourceAvailableCondition)

   ServletHttpExchangesAutoConfiguration:
      Did not match:
         - @ConditionalOnBean did not find required type 'org.springframework.boot.actuate.web.exchanges.HttpExchangeRepository' (OnBeanCondition)

   ServletManagementContextAutoConfiguration:
      Did not match:
         - @ConditionalOnClass did not find required class 'org.springframework.boot.actuate.autoconfigure.endpoint.web.WebEndpointProperties' (OnClassCondition)

   ServletMappingsAutoConfiguration:
      Did not match:
         - @ConditionalOnClass did not find required class 'org.springframework.boot.actuate.autoconfigure.endpoint.condition.ConditionalOnAvailableEndpoint' (OnClassCondition)

   ServletWebServerConfiguration#forwardedHeaderFilter:
      Did not match:
         - @ConditionalOnProperty (server.forward-headers-strategy=framework) did not find property 'server.forward-headers-strategy' (OnPropertyCondition)

   SpringApplicationAdminJmxAutoConfiguration:
      Did not match:
         - @ConditionalOnBooleanProperty (spring.application.admin.enabled=true) did not find property 'spring.application.admin.enabled' (OnPropertyCondition)

   TaskExecutorConfigurations.AsyncConfigurerWrapperConfiguration:
      Did not match:
         - @ConditionalOnBean (types: org.springframework.scheduling.annotation.AsyncConfigurer; SearchStrategy: all) did not find any beans of type org.springframework.scheduling.annotation.AsyncConfigurer (OnBeanCondition)

   TaskExecutorConfigurations.SimpleAsyncTaskExecutorBuilderConfiguration#simpleAsyncTaskExecutorBuilderVirtualThreads:
      Did not match:
         - @ConditionalOnMissingBean (types: org.springframework.boot.task.SimpleAsyncTaskExecutorBuilder; SearchStrategy: all) found beans of type 'org.springframework.boot.task.SimpleAsyncTaskExecutorBuilder' simpleAsyncTaskExecutorBuilder (OnBeanCondition)

   TaskExecutorConfigurations.TaskExecutorConfiguration#applicationTaskExecutorVirtualThreads:
      Did not match:
         - @ConditionalOnThreading did not find VIRTUAL (OnThreadingCondition)

   TaskSchedulingAutoConfiguration#scheduledBeanLazyInitializationExcludeFilter:
      Did not match:
         - @ConditionalOnBean (names: org.springframework.scheduling.config.internalScheduledAnnotationProcessor; SearchStrategy: all) did not find any beans named org.springframework.scheduling.config.internalScheduledAnnotationProcessor (OnBeanCondition)

   TaskSchedulingConfigurations.SimpleAsyncTaskSchedulerBuilderConfiguration#simpleAsyncTaskSchedulerBuilderVirtualThreads:
      Did not match:
         - @ConditionalOnThreading did not find VIRTUAL (OnThreadingCondition)

   TaskSchedulingConfigurations.TaskSchedulerConfiguration:
      Did not match:
         - @ConditionalOnBean (names: org.springframework.scheduling.config.internalScheduledAnnotationProcessor; SearchStrategy: all) did not find any beans named org.springframework.scheduling.config.internalScheduledAnnotationProcessor (OnBeanCondition)

   TomcatMetricsAutoConfiguration:
      Did not match:
         - @ConditionalOnClass did not find required class 'io.micrometer.core.instrument.binder.tomcat.TomcatMetrics' (OnClassCondition)

   TomcatReactiveManagementContextAutoConfiguration:
      Did not match:
         - @ConditionalOnClass did not find required class 'org.springframework.boot.actuate.autoconfigure.web.server.ManagementContextFactory' (OnClassCondition)

   TomcatReactiveWebServerAutoConfiguration:
      Did not match:
         - @ConditionalOnWebApplication did not find reactive web application classes (OnWebApplicationCondition)

   TomcatServletManagementContextAutoConfiguration:
      Did not match:
         - @ConditionalOnClass did not find required class 'org.springframework.boot.actuate.autoconfigure.web.server.ManagementContextFactory' (OnClassCondition)

   TomcatServletWebServerAutoConfiguration#tomcatForwardedHeaderFilterCustomizer:
      Did not match:
         - @ConditionalOnProperty (server.forward-headers-strategy=framework) did not find property 'server.forward-headers-strategy' (OnPropertyCondition)

   TomcatWebServerConfiguration:
      Did not match:
         - Application is deployed as a WAR file. (OnWarDeploymentCondition)

   WebMvcAutoConfiguration#hiddenHttpMethodFilter:
      Did not match:
         - @ConditionalOnBooleanProperty (spring.mvc.hiddenmethod.filter.enabled=true) did not find property 'spring.mvc.hiddenmethod.filter.enabled' (OnPropertyCondition)

   WebMvcAutoConfiguration.ProblemDetailsErrorHandlingConfiguration:
      Did not match:
         - @ConditionalOnBooleanProperty (spring.mvc.problemdetails.enabled=true) did not find property 'spring.mvc.problemdetails.enabled' (OnPropertyCondition)

   WebMvcAutoConfiguration.ResourceChainCustomizerConfiguration:
      Did not match:
         - @ConditionalOnEnabledResourceChain did not find class org.webjars.WebJarVersionLocator (OnEnabledResourceChainCondition)

   WebMvcAutoConfiguration.WebMvcAutoConfigurationAdapter#beanNameViewResolver:
      Did not match:
         - @ConditionalOnMissingBean (types: org.springframework.web.servlet.view.BeanNameViewResolver; SearchStrategy: all) found beans of type 'org.springframework.web.servlet.view.BeanNameViewResolver' beanNameViewResolver (OnBeanCondition)

   WebMvcHealthEndpointExtensionAutoConfiguration:
      Did not match:
         - @ConditionalOnClass did not find required class 'org.springframework.boot.health.actuate.endpoint.HealthEndpoint' (OnClassCondition)

   WebMvcMappingsAutoConfiguration:
      Did not match:
         - @ConditionalOnClass did not find required class 'org.springframework.boot.actuate.autoconfigure.endpoint.condition.ConditionalOnAvailableEndpoint' (OnClassCondition)

   WebMvcObservationAutoConfiguration:
      Did not match:
         - @ConditionalOnBean (types: io.micrometer.observation.ObservationRegistry; SearchStrategy: all) did not find any beans of type io.micrometer.observation.ObservationRegistry (OnBeanCondition)
      Matched:
         - @ConditionalOnClass found required classes 'org.springframework.web.servlet.DispatcherServlet', 'io.micrometer.observation.Observation' (OnClassCondition)
         - found 'session' scope (OnWebApplicationCondition)

   WebMvcObservationAutoConfiguration.MeterFilterConfiguration:
      Did not match:
         - @ConditionalOnClass did not find required class 'io.micrometer.core.instrument.MeterRegistry' (OnClassCondition)
         - Ancestor org.springframework.boot.webmvc.autoconfigure.WebMvcObservationAutoConfiguration did not match (ConditionEvaluationReport.AncestorsMatchedCondition)


Exclusions:
-----------

    None


Unconditional classes:
----------------------

    org.springframework.boot.autoconfigure.context.ConfigurationPropertiesAutoConfiguration

    org.springframework.boot.autoconfigure.ssl.SslAutoConfiguration

    org.springframework.boot.autoconfigure.context.LifecycleAutoConfiguration

    org.springframework.boot.autoconfigure.context.PropertyPlaceholderAutoConfiguration

    org.springframework.boot.autoconfigure.availability.ApplicationAvailabilityAutoConfiguration

    org.springframework.boot.autoconfigure.info.ProjectInfoAutoConfiguration



&amp#27;[0;39m2025-12-17 15:17:45  INFO &amp#27;[36mc.i.r.w.r.RestfulWebServicesApplicationTests&amp#27;[0;39m - &amp#27;[34mStarted RestfulWebServicesApplicationTests in 1.44 seconds (process running for 2.667)
&amp#27;[0;39m2025-12-17 15:17:45 DEBUG &amp#27;[36mo.s.b.a.ApplicationAvailabilityBean&amp#27;[0;39m - &amp#27;[39mApplication availability state LivenessState changed to CORRECT
&amp#27;[0;39m2025-12-17 15:17:45 DEBUG &amp#27;[36mo.s.b.a.ApplicationAvailabilityBean&amp#27;[0;39m - &amp#27;[39mApplication availability state ReadinessState changed to ACCEPTING_TRAFFIC
&amp#27;[0;39m2025-12-17 15:17:45 DEBUG &amp#27;[36mo.springframework.test.context.cache&amp#27;[0;39m - &amp#27;[39mSpring test ApplicationContext cache statistics: [DefaultContextCache@6367a688 size = 1, maxSize = 32, contextUsageCount = 0, parentContextCount = 0, hitCount = 0, missCount = 1, failureCount = 0]
&amp#27;[0;39m2025-12-17 15:17:45 DEBUG &amp#27;[36mo.s.t.c.w.ServletTestExecutionListener&amp#27;[0;39m - &amp#27;[39mSetting up MockHttpServletRequest, MockHttpServletResponse, ServletWebRequest, and RequestContextHolder for test class com.in28minutes.rest.webservices.restfulwebservices.RestfulWebServicesApplicationTests
&amp#27;[0;39m2025-12-17 15:17:45 DEBUG &amp#27;[36mo.s.t.c.s.DependencyInjectionTestExecutionListener&amp#27;[0;39m - &amp#27;[39mPerforming dependency injection for test class com.in28minutes.rest.webservices.restfulwebservices.RestfulWebServicesApplicationTests
&amp#27;[0;39m2025-12-17 15:17:45 DEBUG &amp#27;[36mo.springframework.test.context.cache&amp#27;[0;39m - &amp#27;[39mSpring test ApplicationContext cache statistics: [DefaultContextCache@6367a688 size = 1, maxSize = 32, contextUsageCount = 1, parentContextCount = 0, hitCount = 1, missCount = 1, failureCount = 0]
&amp#27;[0;39m2025-12-17 15:17:45 DEBUG &amp#27;[36mo.springframework.test.context.cache&amp#27;[0;39m - &amp#27;[39mSpring test ApplicationContext cache statistics: [DefaultContextCache@6367a688 size = 1, maxSize = 32, contextUsageCount = 1, parentContextCount = 0, hitCount = 2, missCount = 1, failureCount = 0]
&amp#27;[0;39m2025-12-17 15:17:45 DEBUG &amp#27;[36mo.s.t.c.s.DirtiesContextBeforeModesTestExecutionListener&amp#27;[0;39m - &amp#27;[39mBefore test method: class [RestfulWebServicesApplicationTests], method [contextLoads], class annotated with @DirtiesContext [false] with mode [null], method annotated with @DirtiesContext [false] with mode [null]
&amp#27;[0;39m2025-12-17 15:17:45 DEBUG &amp#27;[36mo.springframework.test.context.cache&amp#27;[0;39m - &amp#27;[39mSpring test ApplicationContext cache statistics: [DefaultContextCache@6367a688 size = 1, maxSize = 32, contextUsageCount = 1, parentContextCount = 0, hitCount = 3, missCount = 1, failureCount = 0]
&amp#27;[0;39m2025-12-17 15:17:46 DEBUG &amp#27;[36mo.springframework.test.context.cache&amp#27;[0;39m - &amp#27;[39mSpring test ApplicationContext cache statistics: [DefaultContextCache@6367a688 size = 1, maxSize = 32, contextUsageCount = 1, parentContextCount = 0, hitCount = 4, missCount = 1, failureCount = 0]
&amp#27;[0;39m2025-12-17 15:17:46 DEBUG &amp#27;[36mo.springframework.test.context.cache&amp#27;[0;39m - &amp#27;[39mSpring test ApplicationContext cache statistics: [DefaultContextCache@6367a688 size = 1, maxSize = 32, contextUsageCount = 1, parentContextCount = 0, hitCount = 5, missCount = 1, failureCount = 0]
&amp#27;[0;39m2025-12-17 15:17:46 DEBUG &amp#27;[36mo.springframework.test.context.cache&amp#27;[0;39m - &amp#27;[39mSpring test ApplicationContext cache statistics: [DefaultContextCache@6367a688 size = 1, maxSize = 32, contextUsageCount = 1, parentContextCount = 0, hitCount = 6, missCount = 1, failureCount = 0]
&amp#27;[0;39m2025-12-17 15:17:46 DEBUG &amp#27;[36mo.springframework.test.context.cache&amp#27;[0;39m - &amp#27;[39mSpring test ApplicationContext cache statistics: [DefaultContextCache@6367a688 size = 1, maxSize = 32, contextUsageCount = 1, parentContextCount = 0, hitCount = 7, missCount = 1, failureCount = 0]
&amp#27;[0;39m2025-12-17 15:17:46 DEBUG &amp#27;[36mo.springframework.test.context.cache&amp#27;[0;39m - &amp#27;[39mSpring test ApplicationContext cache statistics: [DefaultContextCache@6367a688 size = 1, maxSize = 32, contextUsageCount = 1, parentContextCount = 0, hitCount = 8, missCount = 1, failureCount = 0]
&amp#27;[0;39m2025-12-17 15:17:46 DEBUG &amp#27;[36mo.s.t.c.s.DirtiesContextTestExecutionListener&amp#27;[0;39m - &amp#27;[39mAfter test method: class [RestfulWebServicesApplicationTests], method [contextLoads], class annotated with @DirtiesContext [false] with mode [null], method annotated with @DirtiesContext [false] with mode [null]
&amp#27;[0;39m2025-12-17 15:17:46 DEBUG &amp#27;[36mo.s.t.c.w.ServletTestExecutionListener&amp#27;[0;39m - &amp#27;[39mResetting RequestContextHolder for test class com.in28minutes.rest.webservices.restfulwebservices.RestfulWebServicesApplicationTests
&amp#27;[0;39m]]></system-out>
    <system-err><![CDATA[Mockito is currently self-attaching to enable the inline-mock-maker. This will no longer work in future releases of the JDK. Please add Mockito as an agent to your build as described in Mockito's documentation: https://javadoc.io/doc/org.mockito/mockito-core/latest/org.mockito/org/mockito/Mockito.html#0.3
WARNING: A Java agent has been loaded dynamically (C:\Users\Ali.Raza\.m2\repository\net\bytebuddy\byte-buddy-agent\1.17.8\byte-buddy-agent-1.17.8.jar)
WARNING: If a serviceability tool is in use, please run with -XX:+EnableDynamicAgentLoading to hide this warning
WARNING: If a serviceability tool is not in use, please run with -Djdk.instrument.traceUsage for more information
WARNING: Dynamic loading of agents will be disallowed by default in a future release
]]></system-err>
  </testcase>
</testsuite>